[     822ms] [ERROR] The result of getSnapshot should be cached to avoid an infinite loop @ http://localhost:3000/_next/static/chunks/e1fc4_next_dist_ca2f7e60._.js:3117
[     910ms] Error: Maximum update depth exceeded. This can happen when a component repeatedly calls setState inside componentWillUpdate or componentDidUpdate. React limits the number of nested updates to prevent infinite loops.
    at getRootForUpdatedFiber (http://localhost:3000/_next/static/chunks/e1fc4_next_dist_compiled_react-dom_6a5c472b._.js:2991:171)
    at enqueueConcurrentRenderForLane (http://localhost:3000/_next/static/chunks/e1fc4_next_dist_compiled_react-dom_6a5c472b._.js:2979:16)
    at forceStoreRerender (http://localhost:3000/_next/static/chunks/e1fc4_next_dist_compiled_react-dom_6a5c472b._.js:5035:20)
    at updateStoreInstance (http://localhost:3000/_next/static/chunks/e1fc4_next_dist_compiled_react-dom_6a5c472b._.js:5017:41)
    at Object.react_stack_bottom_frame (http://localhost:3000/_next/static/chunks/e1fc4_next_dist_compiled_react-dom_6a5c472b._.js:14866:22)
    at runWithFiberInDEV (http://localhost:3000/_next/static/chunks/e1fc4_next_dist_compiled_react-dom_6a5c472b._.js:959:74)
    at commitHookEffectListMount (http://localhost:3000/_next/static/chunks/e1fc4_next_dist_compiled_react-dom_6a5c472b._.js:7260:167)
    at commitHookPassiveMountEffects (http://localhost:3000/_next/static/chunks/e1fc4_next_dist_compiled_react-dom_6a5c472b._.js:7295:60)
    at commitPassiveMountOnFiber (http://localhost:3000/_next/static/chunks/e1fc4_next_dist_compiled_react-dom_6a5c472b._.js:8690:33)
    at recursivelyTraversePassiveMountEffects (http://localhost:3000/_next/static/chunks/e1fc4_next_dist_compiled_react-dom_6a5c472b._.js:8677:316)
    at commitPassiveMountOnFiber (http://localhost:3000/_next/static/chunks/e1fc4_next_dist_compiled_react-dom_6a5c472b._.js:8689:17)
    at recursivelyTraversePassiveMountEffects (http://localhost:3000/_next/static/chunks/e1fc4_next_dist_compiled_react-dom_6a5c472b._.js:8677:316)
    at commitPassiveMountOnFiber (http://localhost:3000/_next/static/chunks/e1fc4_next_dist_compiled_react-dom_6a5c472b._.js:8751:17)
    at recursivelyTraversePassiveMountEffects (http://localhost:3000/_next/static/chunks/e1fc4_next_dist_compiled_react-dom_6a5c472b._.js:8677:316)
    at commitPassiveMountOnFiber (http://localhost:3000/_next/static/chunks/e1fc4_next_dist_compiled_react-dom_6a5c472b._.js:8751:17)
    at recursivelyTraversePassiveMountEffects (http://localhost:3000/_next/static/chunks/e1fc4_next_dist_compiled_react-dom_6a5c472b._.js:8677:316)
    at commitPassiveMountOnFiber (http://localhost:3000/_next/static/chunks/e1fc4_next_dist_compiled_react-dom_6a5c472b._.js:8751:17)
    at recursivelyTraversePassiveMountEffects (http://localhost:3000/_next/static/chunks/e1fc4_next_dist_compiled_react-dom_6a5c472b._.js:8677:316)
    at commitPassiveMountOnFiber (http://localhost:3000/_next/static/chunks/e1fc4_next_dist_compiled_react-dom_6a5c472b._.js:8689:17)
    at recursivelyTraversePassiveMountEffects (http://localhost:3000/_next/static/chunks/e1fc4_next_dist_compiled_react-dom_6a5c472b._.js:8677:316)
    at commitPassiveMountOnFiber (http://localhost:3000/_next/static/chunks/e1fc4_next_dist_compiled_react-dom_6a5c472b._.js:8689:17)
    at recursivelyTraversePassiveMountEffects (http://localhost:3000/_next/static/chunks/e1fc4_next_dist_compiled_react-dom_6a5c472b._.js:8677:316)
    at commitPassiveMountOnFiber (http://localhost:3000/_next/static/chunks/e1fc4_next_dist_compiled_react-dom_6a5c472b._.js:8689:17)
    at recursivelyTraversePassiveMountEffects (http://localhost:3000/_next/static/chunks/e1fc4_next_dist_compiled_react-dom_6a5c472b._.js:8677:316)
    at commitPassiveMountOnFiber (http://localhost:3000/_next/static/chunks/e1fc4_next_dist_compiled_react-dom_6a5c472b._.js:8751:17)
    at recursivelyTraversePassiveMountEffects (http://localhost:3000/_next/static/chunks/e1fc4_next_dist_compiled_react-dom_6a5c472b._.js:8677:316)
    at commitPassiveMountOnFiber (http://localhost:3000/_next/static/chunks/e1fc4_next_dist_compiled_react-dom_6a5c472b._.js:8689:17)
    at recursivelyTraversePassiveMountEffects (http://localhost:3000/_next/static/chunks/e1fc4_next_dist_compiled_react-dom_6a5c472b._.js:8677:316)
    at commitPassiveMountOnFiber (http://localhost:3000/_next/static/chunks/e1fc4_next_dist_compiled_react-dom_6a5c472b._.js:8751:17)
    at recursivelyTraversePassiveMountEffects (http://localhost:3000/_next/static/chunks/e1fc4_next_dist_compiled_react-dom_6a5c472b._.js:8677:316)
    at commitPassiveMountOnFiber (http://localhost:3000/_next/static/chunks/e1fc4_next_dist_compiled_react-dom_6a5c472b._.js:8689:17)
    at recursivelyTraversePassiveMountEffects (http://localhost:3000/_next/static/chunks/e1fc4_next_dist_compiled_react-dom_6a5c472b._.js:8677:316)
    at commitPassiveMountOnFiber (http://localhost:3000/_next/static/chunks/e1fc4_next_dist_compiled_react-dom_6a5c472b._.js:8689:17)
    at recursivelyTraversePassiveMountEffects (http://localhost:3000/_next/static/chunks/e1fc4_next_dist_compiled_react-dom_6a5c472b._.js:8677:316)
    at commitPassiveMountOnFiber (http://localhost:3000/_next/static/chunks/e1fc4_next_dist_compiled_react-dom_6a5c472b._.js:8689:17)
    at recursivelyTraversePassiveMountEffects (http://localhost:3000/_next/static/chunks/e1fc4_next_dist_compiled_react-dom_6a5c472b._.js:8677:316)
    at commitPassiveMountOnFiber (http://localhost:3000/_next/static/chunks/e1fc4_next_dist_compiled_react-dom_6a5c472b._.js:8689:17)
    at recursivelyTraversePassiveMountEffects (http://localhost:3000/_next/static/chunks/e1fc4_next_dist_compiled_react-dom_6a5c472b._.js:8677:316)
    at commitPassiveMountOnFiber (http://localhost:3000/_next/static/chunks/e1fc4_next_dist_compiled_react-dom_6a5c472b._.js:8751:17)
    at recursivelyTraversePassiveMountEffects (http://localhost:3000/_next/static/chunks/e1fc4_next_dist_compiled_react-dom_6a5c472b._.js:8677:316)
    at commitPassiveMountOnFiber (http://localhost:3000/_next/static/chunks/e1fc4_next_dist_compiled_react-dom_6a5c472b._.js:8751:17)
    at recursivelyTraversePassiveMountEffects (http://localhost:3000/_next/static/chunks/e1fc4_next_dist_compiled_react-dom_6a5c472b._.js:8677:316)
    at commitPassiveMountOnFiber (http://localhost:3000/_next/static/chunks/e1fc4_next_dist_compiled_react-dom_6a5c472b._.js:8689:17)
    at recursivelyTraversePassiveMountEffects (http://localhost:3000/_next/static/chunks/e1fc4_next_dist_compiled_react-dom_6a5c472b._.js:8677:316)
    at commitPassiveMountOnFiber (http://localhost:3000/_next/static/chunks/e1fc4_next_dist_compiled_react-dom_6a5c472b._.js:8694:17)
    at recursivelyTraversePassiveMountEffects (http://localhost:3000/_next/static/chunks/e1fc4_next_dist_compiled_react-dom_6a5c472b._.js:8677:316)
    at commitPassiveMountOnFiber (http://localhost:3000/_next/static/chunks/e1fc4_next_dist_compiled_react-dom_6a5c472b._.js:8689:17)
    at recursivelyTraversePassiveMountEffects (http://localhost:3000/_next/static/chunks/e1fc4_next_dist_compiled_react-dom_6a5c472b._.js:8677:316)
    at commitPassiveMountOnFiber (http://localhost:3000/_next/static/chunks/e1fc4_next_dist_compiled_react-dom_6a5c472b._.js:8694:17)
    at recursivelyTraversePassiveMountEffects (http://localhost:3000/_next/static/chunks/e1fc4_next_dist_compiled_react-dom_6a5c472b._.js:8677:316)
[     908ms] [WARNING] WebSocket connection to 'wss://bzjssogezdnybbenqygq.supabase.co/realtime/v1/websocket?apikey=eyJhbGciOiJIUzI1NiIsInR5cCI6IkpXVCJ9.eyJpc3MiOiJzdXBhYmFzZSIsInJlZiI6ImJ6anNzb2dlemRueWJiZW5xeWdxIiwicm9sZSI6ImFub24iLCJpYXQiOjE3NjUxMjg1NTgsImV4cCI6MjA4MDcwNDU1OH0.7bldV9r99MXKElgsZBUhtELEXWRtT5wBpe-qZlU1XU0&vsn=1.0.0' failed: WebSocket is closed before the connection is established. @ http://localhost:3000/_next/static/chunks/e1fc4_%40supabase_realtime-js_dist_module_dff44195._.js:1774
[   32021ms] [WARNING] [Fast Refresh] performing full reload because your application had an unrecoverable error @ http://localhost:3000/_next/static/chunks/e1fc4_next_dist_ca2f7e60._.js:2287
[   34865ms] [ERROR] Failed to load resource: the server responded with a status of 404 () @ https://bzjssogezdnybbenqygq.supabase.co/rest/v1/agency_metrics?select=*&agency_id=eq.893577db-4271-4a70-88ba-a93121f22e0e&month=eq.2026-02:0
[   34982ms] [ERROR] Failed to load resource: the server responded with a status of 404 () @ https://bzjssogezdnybbenqygq.supabase.co/rest/v1/agency_metrics?select=*&agency_id=eq.893577db-4271-4a70-88ba-a93121f22e0e&month=eq.2026-02:0
[   36433ms] [ERROR] Failed to load resource: the server responded with a status of 404 () @ https://bzjssogezdnybbenqygq.supabase.co/rest/v1/agency_metrics?select=*&agency_id=eq.893577db-4271-4a70-88ba-a93121f22e0e&month=eq.2026-02:0
[   36544ms] [ERROR] Failed to load resource: the server responded with a status of 404 () @ https://bzjssogezdnybbenqygq.supabase.co/rest/v1/agency_metrics?select=*&agency_id=eq.893577db-4271-4a70-88ba-a93121f22e0e&month=eq.2026-02:0
[   38557ms] [ERROR] Failed to load resource: the server responded with a status of 404 () @ https://bzjssogezdnybbenqygq.supabase.co/rest/v1/agency_metrics?select=*&agency_id=eq.893577db-4271-4a70-88ba-a93121f22e0e&month=eq.2026-02:0
[   38675ms] [ERROR] Failed to load resource: the server responded with a status of 404 () @ https://bzjssogezdnybbenqygq.supabase.co/rest/v1/agency_metrics?select=*&agency_id=eq.893577db-4271-4a70-88ba-a93121f22e0e&month=eq.2026-02:0
[   42664ms] [ERROR] Failed to load resource: the server responded with a status of 404 () @ https://bzjssogezdnybbenqygq.supabase.co/rest/v1/agency_metrics?select=*&agency_id=eq.893577db-4271-4a70-88ba-a93121f22e0e&month=eq.2026-02:0
[   42665ms] [ERROR] [ERROR] Failed to fetch agency metrics after retries Error: [object Object]
    at Logger.error (http://localhost:3000/_next/static/chunks/shared-todo-list_src_d67f33a0._.js:4775:59)
    at useAgencyMetrics.useCallback[fetchMetrics].attemptFetch (http://localhost:3000/_next/static/chunks/shared-todo-list_src_hooks_2f80681b._.js:5313:185)
    at async useAgencyMetrics.useCallback[fetchMetrics] (http://localhost:3000/_next/static/chunks/shared-todo-list_src_hooks_2f80681b._.js:5322:13) {component: useAgencyMetrics, agencyId: 893577db-4271-4a70-88ba-a93121f22e0e, attempts: 4} @ http://localhost:3000/_next/static/chunks/e1fc4_next_dist_ca2f7e60._.js:3117
[   42795ms] [ERROR] Failed to load resource: the server responded with a status of 404 () @ https://bzjssogezdnybbenqygq.supabase.co/rest/v1/agency_metrics?select=*&agency_id=eq.893577db-4271-4a70-88ba-a93121f22e0e&month=eq.2026-02:0
