[   19505ms] [ERROR] %o

%s Error: Rendered fewer hooks than expected. This may be caused by an accidental early return statement.
    at finishRenderingHooks (http://localhost:3000/_next/static/chunks/e1fc4_next_dist_compiled_react-dom_6a5c472b._.js:4675:41)
    at renderWithHooks (http://localhost:3000/_next/static/chunks/e1fc4_next_dist_compiled_react-dom_6a5c472b._.js:4656:9)
    at updateForwardRef (http://localhost:3000/_next/static/chunks/e1fc4_next_dist_compiled_react-dom_6a5c472b._.js:5933:21)
    at beginWork (http://localhost:3000/_next/static/chunks/e1fc4_next_dist_compiled_react-dom_6a5c472b._.js:6777:24)
    at runWithFiberInDEV (http://localhost:3000/_next/static/chunks/e1fc4_next_dist_compiled_react-dom_6a5c472b._.js:959:74)
    at performUnitOfWork (http://localhost:3000/_next/static/chunks/e1fc4_next_dist_compiled_react-dom_6a5c472b._.js:9556:97)
    at workLoopSync (http://localhost:3000/_next/static/chunks/e1fc4_next_dist_compiled_react-dom_6a5c472b._.js:9450:40)
    at renderRootSync (http://localhost:3000/_next/static/chunks/e1fc4_next_dist_compiled_react-dom_6a5c472b._.js:9434:13)
    at performWorkOnRoot (http://localhost:3000/_next/static/chunks/e1fc4_next_dist_compiled_react-dom_6a5c472b._.js:9099:47)
    at performSyncWorkOnRoot (http://localhost:3000/_next/static/chunks/e1fc4_next_dist_compiled_react-dom_6a5c472b._.js:10232:9)
    at flushSyncWorkAcrossRoots_impl (http://localhost:3000/_next/static/chunks/e1fc4_next_dist_compiled_react-dom_6a5c472b._.js:10148:316)
    at processRootScheduleInMicrotask (http://localhost:3000/_next/static/chunks/e1fc4_next_dist_compiled_react-dom_6a5c472b._.js:10169:106)
    at http://localhost:3000/_next/static/chunks/e1fc4_next_dist_compiled_react-dom_6a5c472b._.js:10243:158 The above error occurred in the <Tooltip> component. It was handled by the <ErrorBoundary> error boundary. @ http://localhost:3000/_next/static/chunks/e1fc4_next_dist_client_3aad6c1b._.js:1294
[   19507ms] [ERROR] [ERROR] ErrorBoundary caught an error Error: Rendered fewer hooks than expected. This may be caused by an accidental early return statement.
    at finishRenderingHooks (http://localhost:3000/_next/static/chunks/e1fc4_next_dist_compiled_react-dom_6a5c472b._.js:4675:41)
    at renderWithHooks (http://localhost:3000/_next/static/chunks/e1fc4_next_dist_compiled_react-dom_6a5c472b._.js:4656:9)
    at updateForwardRef (http://localhost:3000/_next/static/chunks/e1fc4_next_dist_compiled_react-dom_6a5c472b._.js:5933:21)
    at beginWork (http://localhost:3000/_next/static/chunks/e1fc4_next_dist_compiled_react-dom_6a5c472b._.js:6777:24)
    at runWithFiberInDEV (http://localhost:3000/_next/static/chunks/e1fc4_next_dist_compiled_react-dom_6a5c472b._.js:959:74)
    at performUnitOfWork (http://localhost:3000/_next/static/chunks/e1fc4_next_dist_compiled_react-dom_6a5c472b._.js:9556:97)
    at workLoopSync (http://localhost:3000/_next/static/chunks/e1fc4_next_dist_compiled_react-dom_6a5c472b._.js:9450:40)
    at renderRootSync (http://localhost:3000/_next/static/chunks/e1fc4_next_dist_compiled_react-dom_6a5c472b._.js:9434:13)
    at performWorkOnRoot (http://localhost:3000/_next/static/chunks/e1fc4_next_dist_compiled_react-dom_6a5c472b._.js:9099:47)
    at performSyncWorkOnRoot (http://localhost:3000/_next/static/chunks/e1fc4_next_dist_compiled_react-dom_6a5c472b._.js:10232:9)
    at flushSyncWorkAcrossRoots_impl (http://localhost:3000/_next/static/chunks/e1fc4_next_dist_compiled_react-dom_6a5c472b._.js:10148:316)
    at processRootScheduleInMicrotask (http://localhost:3000/_next/static/chunks/e1fc4_next_dist_compiled_react-dom_6a5c472b._.js:10169:106)
    at http://localhost:3000/_next/static/chunks/e1fc4_next_dist_compiled_react-dom_6a5c472b._.js:10243:158 {component: ErrorBoundary, action: componentDidCatch, componentStack: 
    at Tooltip (http://localhost:3000/_next/stati…ks/e1fc4_next_dist_client_3aad6c1b._.js:12983:17)} @ http://localhost:3000/_next/static/chunks/e1fc4_next_dist_ca2f7e60._.js:3117
