[   11343ms] [ERROR] Failed to load resource: the server responded with a status of 401 (Unauthorized) @ http://localhost:3000/api/auth/login:0
[   17021ms] [ERROR] Failed to load resource: the server responded with a status of 404 () @ https://bzjssogezdnybbenqygq.supabase.co/rest/v1/agency_metrics?select=*&agency_id=eq.893577db-4271-4a70-88ba-a93121f22e0e&month=eq.2026-02:0
[   17121ms] [ERROR] Failed to load resource: the server responded with a status of 404 () @ https://bzjssogezdnybbenqygq.supabase.co/rest/v1/agency_metrics?select=*&agency_id=eq.893577db-4271-4a70-88ba-a93121f22e0e&month=eq.2026-02:0
[   18116ms] [ERROR] Failed to load resource: the server responded with a status of 404 () @ https://bzjssogezdnybbenqygq.supabase.co/rest/v1/agency_metrics?select=*&agency_id=eq.893577db-4271-4a70-88ba-a93121f22e0e&month=eq.2026-02:0
[   18208ms] [ERROR] Failed to load resource: the server responded with a status of 404 () @ https://bzjssogezdnybbenqygq.supabase.co/rest/v1/agency_metrics?select=*&agency_id=eq.893577db-4271-4a70-88ba-a93121f22e0e&month=eq.2026-02:0
[   20239ms] [ERROR] Failed to load resource: the server responded with a status of 404 () @ https://bzjssogezdnybbenqygq.supabase.co/rest/v1/agency_metrics?select=*&agency_id=eq.893577db-4271-4a70-88ba-a93121f22e0e&month=eq.2026-02:0
[   20333ms] [ERROR] Failed to load resource: the server responded with a status of 404 () @ https://bzjssogezdnybbenqygq.supabase.co/rest/v1/agency_metrics?select=*&agency_id=eq.893577db-4271-4a70-88ba-a93121f22e0e&month=eq.2026-02:0
[   24339ms] [ERROR] Failed to load resource: the server responded with a status of 404 () @ https://bzjssogezdnybbenqygq.supabase.co/rest/v1/agency_metrics?select=*&agency_id=eq.893577db-4271-4a70-88ba-a93121f22e0e&month=eq.2026-02:0
[   24340ms] [ERROR] [ERROR] Failed to fetch agency metrics after retries Error: [object Object]
    at Logger.error (http://localhost:3000/_next/static/chunks/shared-todo-list_src_d67f33a0._.js:4773:59)
    at useAgencyMetrics.useCallback[fetchMetrics].attemptFetch (http://localhost:3000/_next/static/chunks/shared-todo-list_src_hooks_3abf5c49._.js:5313:185)
    at async useAgencyMetrics.useCallback[fetchMetrics] (http://localhost:3000/_next/static/chunks/shared-todo-list_src_hooks_3abf5c49._.js:5322:13) {component: useAgencyMetrics, agencyId: 893577db-4271-4a70-88ba-a93121f22e0e, attempts: 4} @ http://localhost:3000/_next/static/chunks/e1fc4_next_dist_ca2f7e60._.js:3117
[   24434ms] [ERROR] Failed to load resource: the server responded with a status of 404 () @ https://bzjssogezdnybbenqygq.supabase.co/rest/v1/agency_metrics?select=*&agency_id=eq.893577db-4271-4a70-88ba-a93121f22e0e&month=eq.2026-02:0
[   31081ms] [ERROR] %o

%s Error: Rendered fewer hooks than expected. This may be caused by an accidental early return statement.
    at finishRenderingHooks (http://localhost:3000/_next/static/chunks/e1fc4_next_dist_compiled_react-dom_6a5c472b._.js:4675:41)
    at renderWithHooks (http://localhost:3000/_next/static/chunks/e1fc4_next_dist_compiled_react-dom_6a5c472b._.js:4656:9)
    at updateForwardRef (http://localhost:3000/_next/static/chunks/e1fc4_next_dist_compiled_react-dom_6a5c472b._.js:5933:21)
    at beginWork (http://localhost:3000/_next/static/chunks/e1fc4_next_dist_compiled_react-dom_6a5c472b._.js:6777:24)
    at runWithFiberInDEV (http://localhost:3000/_next/static/chunks/e1fc4_next_dist_compiled_react-dom_6a5c472b._.js:959:74)
    at performUnitOfWork (http://localhost:3000/_next/static/chunks/e1fc4_next_dist_compiled_react-dom_6a5c472b._.js:9556:97)
    at workLoopSync (http://localhost:3000/_next/static/chunks/e1fc4_next_dist_compiled_react-dom_6a5c472b._.js:9450:40)
    at renderRootSync (http://localhost:3000/_next/static/chunks/e1fc4_next_dist_compiled_react-dom_6a5c472b._.js:9434:13)
    at performWorkOnRoot (http://localhost:3000/_next/static/chunks/e1fc4_next_dist_compiled_react-dom_6a5c472b._.js:9099:47)
    at performSyncWorkOnRoot (http://localhost:3000/_next/static/chunks/e1fc4_next_dist_compiled_react-dom_6a5c472b._.js:10232:9)
    at flushSyncWorkAcrossRoots_impl (http://localhost:3000/_next/static/chunks/e1fc4_next_dist_compiled_react-dom_6a5c472b._.js:10148:316)
    at processRootScheduleInMicrotask (http://localhost:3000/_next/static/chunks/e1fc4_next_dist_compiled_react-dom_6a5c472b._.js:10169:106)
    at http://localhost:3000/_next/static/chunks/e1fc4_next_dist_compiled_react-dom_6a5c472b._.js:10243:158 The above error occurred in the <Tooltip> component. It was handled by the <ErrorBoundary> error boundary. @ http://localhost:3000/_next/static/chunks/e1fc4_next_dist_client_3aad6c1b._.js:1294
[   31081ms] [ERROR] [ERROR] ErrorBoundary caught an error Error: Rendered fewer hooks than expected. This may be caused by an accidental early return statement.
    at finishRenderingHooks (http://localhost:3000/_next/static/chunks/e1fc4_next_dist_compiled_react-dom_6a5c472b._.js:4675:41)
    at renderWithHooks (http://localhost:3000/_next/static/chunks/e1fc4_next_dist_compiled_react-dom_6a5c472b._.js:4656:9)
    at updateForwardRef (http://localhost:3000/_next/static/chunks/e1fc4_next_dist_compiled_react-dom_6a5c472b._.js:5933:21)
    at beginWork (http://localhost:3000/_next/static/chunks/e1fc4_next_dist_compiled_react-dom_6a5c472b._.js:6777:24)
    at runWithFiberInDEV (http://localhost:3000/_next/static/chunks/e1fc4_next_dist_compiled_react-dom_6a5c472b._.js:959:74)
    at performUnitOfWork (http://localhost:3000/_next/static/chunks/e1fc4_next_dist_compiled_react-dom_6a5c472b._.js:9556:97)
    at workLoopSync (http://localhost:3000/_next/static/chunks/e1fc4_next_dist_compiled_react-dom_6a5c472b._.js:9450:40)
    at renderRootSync (http://localhost:3000/_next/static/chunks/e1fc4_next_dist_compiled_react-dom_6a5c472b._.js:9434:13)
    at performWorkOnRoot (http://localhost:3000/_next/static/chunks/e1fc4_next_dist_compiled_react-dom_6a5c472b._.js:9099:47)
    at performSyncWorkOnRoot (http://localhost:3000/_next/static/chunks/e1fc4_next_dist_compiled_react-dom_6a5c472b._.js:10232:9)
    at flushSyncWorkAcrossRoots_impl (http://localhost:3000/_next/static/chunks/e1fc4_next_dist_compiled_react-dom_6a5c472b._.js:10148:316)
    at processRootScheduleInMicrotask (http://localhost:3000/_next/static/chunks/e1fc4_next_dist_compiled_react-dom_6a5c472b._.js:10169:106)
    at http://localhost:3000/_next/static/chunks/e1fc4_next_dist_compiled_react-dom_6a5c472b._.js:10243:158 {component: ErrorBoundary, action: componentDidCatch, componentStack: 
    at Tooltip (http://localhost:3000/_next/stati…ks/e1fc4_next_dist_client_3aad6c1b._.js:12983:17)} @ http://localhost:3000/_next/static/chunks/e1fc4_next_dist_ca2f7e60._.js:3117
[  269010ms] [ERROR] %o

%s ReferenceError: OptionsDropdown is not defined
    at TodoFiltersBar (http://localhost:3000/_next/static/chunks/shared-todo-list_src_components_todo_10a0740b._.js?id=%255Bproject%255D%252Fshared-todo-list%252Fsrc%252Fcomponents%252Ftodo%252FTodoFiltersBar.tsx+%255Bapp-client%255D+%2528ecmascript%2529:1105:250)
    at Object.react_stack_bottom_frame (http://localhost:3000/_next/static/chunks/e1fc4_next_dist_compiled_react-dom_6a5c472b._.js:14816:24)
    at renderWithHooks (http://localhost:3000/_next/static/chunks/e1fc4_next_dist_compiled_react-dom_6a5c472b._.js:4645:24)
    at updateFunctionComponent (http://localhost:3000/_next/static/chunks/e1fc4_next_dist_compiled_react-dom_6a5c472b._.js:6106:21)
    at updateSimpleMemoComponent (http://localhost:3000/_next/static/chunks/e1fc4_next_dist_compiled_react-dom_6a5c472b._.js:5969:16)
    at beginWork (http://localhost:3000/_next/static/chunks/e1fc4_next_dist_compiled_react-dom_6a5c472b._.js:6791:24)
    at runWithFiberInDEV (http://localhost:3000/_next/static/chunks/e1fc4_next_dist_compiled_react-dom_6a5c472b._.js:959:74)
    at performUnitOfWork (http://localhost:3000/_next/static/chunks/e1fc4_next_dist_compiled_react-dom_6a5c472b._.js:9556:97)
    at workLoopSync (http://localhost:3000/_next/static/chunks/e1fc4_next_dist_compiled_react-dom_6a5c472b._.js:9450:40)
    at renderRootSync (http://localhost:3000/_next/static/chunks/e1fc4_next_dist_compiled_react-dom_6a5c472b._.js:9434:13)
    at performWorkOnRoot (http://localhost:3000/_next/static/chunks/e1fc4_next_dist_compiled_react-dom_6a5c472b._.js:9099:47)
    at performSyncWorkOnRoot (http://localhost:3000/_next/static/chunks/e1fc4_next_dist_compiled_react-dom_6a5c472b._.js:10232:9)
    at flushSyncWorkAcrossRoots_impl (http://localhost:3000/_next/static/chunks/e1fc4_next_dist_compiled_react-dom_6a5c472b._.js:10148:316)
    at processRootScheduleInMicrotask (http://localhost:3000/_next/static/chunks/e1fc4_next_dist_compiled_react-dom_6a5c472b._.js:10169:106)
    at http://localhost:3000/_next/static/chunks/e1fc4_next_dist_compiled_react-dom_6a5c472b._.js:10243:158 The above error occurred in the <TodoFiltersBar> component. It was handled by the <ErrorBoundary> error boundary. @ http://localhost:3000/_next/static/chunks/e1fc4_next_dist_client_3aad6c1b._.js:1294
[  269011ms] [ERROR] [ERROR] ErrorBoundary caught an error Error: OptionsDropdown is not defined
    at TodoFiltersBar (http://localhost:3000/_next/static/chunks/shared-todo-list_src_components_todo_10a0740b._.js?id=%255Bproject%255D%252Fshared-todo-list%252Fsrc%252Fcomponents%252Ftodo%252FTodoFiltersBar.tsx+%255Bapp-client%255D+%2528ecmascript%2529:1105:250)
    at Object.react_stack_bottom_frame (http://localhost:3000/_next/static/chunks/e1fc4_next_dist_compiled_react-dom_6a5c472b._.js:14816:24)
    at renderWithHooks (http://localhost:3000/_next/static/chunks/e1fc4_next_dist_compiled_react-dom_6a5c472b._.js:4645:24)
    at updateFunctionComponent (http://localhost:3000/_next/static/chunks/e1fc4_next_dist_compiled_react-dom_6a5c472b._.js:6106:21)
    at updateSimpleMemoComponent (http://localhost:3000/_next/static/chunks/e1fc4_next_dist_compiled_react-dom_6a5c472b._.js:5969:16)
    at beginWork (http://localhost:3000/_next/static/chunks/e1fc4_next_dist_compiled_react-dom_6a5c472b._.js:6791:24)
    at runWithFiberInDEV (http://localhost:3000/_next/static/chunks/e1fc4_next_dist_compiled_react-dom_6a5c472b._.js:959:74)
    at performUnitOfWork (http://localhost:3000/_next/static/chunks/e1fc4_next_dist_compiled_react-dom_6a5c472b._.js:9556:97)
    at workLoopSync (http://localhost:3000/_next/static/chunks/e1fc4_next_dist_compiled_react-dom_6a5c472b._.js:9450:40)
    at renderRootSync (http://localhost:3000/_next/static/chunks/e1fc4_next_dist_compiled_react-dom_6a5c472b._.js:9434:13)
    at performWorkOnRoot (http://localhost:3000/_next/static/chunks/e1fc4_next_dist_compiled_react-dom_6a5c472b._.js:9099:47)
    at performSyncWorkOnRoot (http://localhost:3000/_next/static/chunks/e1fc4_next_dist_compiled_react-dom_6a5c472b._.js:10232:9)
    at flushSyncWorkAcrossRoots_impl (http://localhost:3000/_next/static/chunks/e1fc4_next_dist_compiled_react-dom_6a5c472b._.js:10148:316)
    at processRootScheduleInMicrotask (http://localhost:3000/_next/static/chunks/e1fc4_next_dist_compiled_react-dom_6a5c472b._.js:10169:106)
    at http://localhost:3000/_next/static/chunks/e1fc4_next_dist_compiled_react-dom_6a5c472b._.js:10243:158 {component: ErrorBoundary, action: componentDidCatch, componentStack: 
    at TodoFiltersBar (http://localhost:3000/_nex…ks/e1fc4_next_dist_client_3aad6c1b._.js:12983:17)} @ http://localhost:3000/_next/static/chunks/e1fc4_next_dist_ca2f7e60._.js:3117
[  283194ms] [ERROR] %o

%s ReferenceError: OptionsDropdown is not defined
    at TodoFiltersBar (http://localhost:3000/_next/static/chunks/shared-todo-list_src_components_todo_10a0740b._.js?id=%255Bproject%255D%252Fshared-todo-list%252Fsrc%252Fcomponents%252Ftodo%252FTodoFiltersBar.tsx+%255Bapp-client%255D+%2528ecmascript%2529:1123:250)
    at Object.react_stack_bottom_frame (http://localhost:3000/_next/static/chunks/e1fc4_next_dist_compiled_react-dom_6a5c472b._.js:14816:24)
    at renderWithHooks (http://localhost:3000/_next/static/chunks/e1fc4_next_dist_compiled_react-dom_6a5c472b._.js:4645:24)
    at updateFunctionComponent (http://localhost:3000/_next/static/chunks/e1fc4_next_dist_compiled_react-dom_6a5c472b._.js:6106:21)
    at updateSimpleMemoComponent (http://localhost:3000/_next/static/chunks/e1fc4_next_dist_compiled_react-dom_6a5c472b._.js:5969:16)
    at updateMemoComponent (http://localhost:3000/_next/static/chunks/e1fc4_next_dist_compiled_react-dom_6a5c472b._.js:5944:302)
    at beginWork (http://localhost:3000/_next/static/chunks/e1fc4_next_dist_compiled_react-dom_6a5c472b._.js:6789:24)
    at runWithFiberInDEV (http://localhost:3000/_next/static/chunks/e1fc4_next_dist_compiled_react-dom_6a5c472b._.js:959:74)
    at performUnitOfWork (http://localhost:3000/_next/static/chunks/e1fc4_next_dist_compiled_react-dom_6a5c472b._.js:9556:97)
    at workLoopSync (http://localhost:3000/_next/static/chunks/e1fc4_next_dist_compiled_react-dom_6a5c472b._.js:9450:40)
    at renderRootSync (http://localhost:3000/_next/static/chunks/e1fc4_next_dist_compiled_react-dom_6a5c472b._.js:9434:13)
    at performWorkOnRoot (http://localhost:3000/_next/static/chunks/e1fc4_next_dist_compiled_react-dom_6a5c472b._.js:9099:47)
    at performSyncWorkOnRoot (http://localhost:3000/_next/static/chunks/e1fc4_next_dist_compiled_react-dom_6a5c472b._.js:10232:9)
    at flushSyncWorkAcrossRoots_impl (http://localhost:3000/_next/static/chunks/e1fc4_next_dist_compiled_react-dom_6a5c472b._.js:10148:316)
    at flushSyncWork$1 (http://localhost:3000/_next/static/chunks/e1fc4_next_dist_compiled_react-dom_6a5c472b._.js:9231:86)
    at Object.scheduleRefresh (http://localhost:3000/_next/static/chunks/e1fc4_next_dist_compiled_react-dom_6a5c472b._.js:294:13)
    at http://localhost:3000/_next/static/chunks/e1fc4_next_dist_compiled_215bdc5d._.js:391:33
    at Set.forEach (<anonymous>)
    at Object.performReactRefresh (http://localhost:3000/_next/static/chunks/e1fc4_next_dist_compiled_215bdc5d._.js:384:38)
    at applyUpdate (http://localhost:3000/_next/static/chunks/e1fc4_next_dist_compiled_215bdc5d._.js:878:31)
    at http://localhost:3000/_next/static/chunks/e1fc4_next_dist_compiled_215bdc5d._.js:886:13 The above error occurred in the <TodoFiltersBar> component. It was handled by the <ErrorBoundary> error boundary. @ http://localhost:3000/_next/static/chunks/e1fc4_next_dist_client_3aad6c1b._.js:1294
[  283195ms] [ERROR] [ERROR] ErrorBoundary caught an error Error: OptionsDropdown is not defined
    at TodoFiltersBar (http://localhost:3000/_next/static/chunks/shared-todo-list_src_components_todo_10a0740b._.js?id=%255Bproject%255D%252Fshared-todo-list%252Fsrc%252Fcomponents%252Ftodo%252FTodoFiltersBar.tsx+%255Bapp-client%255D+%2528ecmascript%2529:1123:250)
    at Object.react_stack_bottom_frame (http://localhost:3000/_next/static/chunks/e1fc4_next_dist_compiled_react-dom_6a5c472b._.js:14816:24)
    at renderWithHooks (http://localhost:3000/_next/static/chunks/e1fc4_next_dist_compiled_react-dom_6a5c472b._.js:4645:24)
    at updateFunctionComponent (http://localhost:3000/_next/static/chunks/e1fc4_next_dist_compiled_react-dom_6a5c472b._.js:6106:21)
    at updateSimpleMemoComponent (http://localhost:3000/_next/static/chunks/e1fc4_next_dist_compiled_react-dom_6a5c472b._.js:5969:16)
    at updateMemoComponent (http://localhost:3000/_next/static/chunks/e1fc4_next_dist_compiled_react-dom_6a5c472b._.js:5944:302)
    at beginWork (http://localhost:3000/_next/static/chunks/e1fc4_next_dist_compiled_react-dom_6a5c472b._.js:6789:24)
    at runWithFiberInDEV (http://localhost:3000/_next/static/chunks/e1fc4_next_dist_compiled_react-dom_6a5c472b._.js:959:74)
    at performUnitOfWork (http://localhost:3000/_next/static/chunks/e1fc4_next_dist_compiled_react-dom_6a5c472b._.js:9556:97)
    at workLoopSync (http://localhost:3000/_next/static/chunks/e1fc4_next_dist_compiled_react-dom_6a5c472b._.js:9450:40)
    at renderRootSync (http://localhost:3000/_next/static/chunks/e1fc4_next_dist_compiled_react-dom_6a5c472b._.js:9434:13)
    at performWorkOnRoot (http://localhost:3000/_next/static/chunks/e1fc4_next_dist_compiled_react-dom_6a5c472b._.js:9099:47)
    at performSyncWorkOnRoot (http://localhost:3000/_next/static/chunks/e1fc4_next_dist_compiled_react-dom_6a5c472b._.js:10232:9)
    at flushSyncWorkAcrossRoots_impl (http://localhost:3000/_next/static/chunks/e1fc4_next_dist_compiled_react-dom_6a5c472b._.js:10148:316)
    at flushSyncWork$1 (http://localhost:3000/_next/static/chunks/e1fc4_next_dist_compiled_react-dom_6a5c472b._.js:9231:86)
    at Object.scheduleRefresh (http://localhost:3000/_next/static/chunks/e1fc4_next_dist_compiled_react-dom_6a5c472b._.js:294:13)
    at http://localhost:3000/_next/static/chunks/e1fc4_next_dist_compiled_215bdc5d._.js:391:33
    at Set.forEach (<anonymous>)
    at Object.performReactRefresh (http://localhost:3000/_next/static/chunks/e1fc4_next_dist_compiled_215bdc5d._.js:384:38)
    at applyUpdate (http://localhost:3000/_next/static/chunks/e1fc4_next_dist_compiled_215bdc5d._.js:878:31)
    at http://localhost:3000/_next/static/chunks/e1fc4_next_dist_compiled_215bdc5d._.js:886:13 {component: ErrorBoundary, action: componentDidCatch, componentStack: 
    at TodoFiltersBar (http://localhost:3000/_nex…ks/e1fc4_next_dist_client_3aad6c1b._.js:12983:17)} @ http://localhost:3000/_next/static/chunks/e1fc4_next_dist_ca2f7e60._.js:3117
