[   63404ms] [ERROR] In HTML, %s cannot be a descendant of <%s>.
This will cause a hydration error.%s <form> form 

  ...
    <PullToRefresh onRefresh={function useTodoData.useCallback[refresh]}>
      <div ref={{...}} className="relative m...">
        <AnimatePresence>
        <div style={{...}}>
          <div className="min-h-scre...">
            <TodoListAppBarContent>
            <ExitFocusModeButton>
            <div>
            <TodoModals currentUser={{id:"acb44a...", ...}} onUserChange={function handleUserChange} todos={[...]} ...>
              <CelebrationEffect>
              <ProgressSummary>
              <WelcomeBackNotification>
              <ConfirmDialog>
              <AddTaskModal isOpen={true} onClose={function onClose} ...>
                <AnimatePresence>
                  <PresenceChild isPresent={true} initial={undefined} custom={undefined} presenceAffectsLayout={true} ...>
                    <motion.div>
                    <motion.div initial={{opacity:0, ...}} animate={{opacity:1,scale:1,y:0}} exit={{opacity:0, ...}} ...>
                      <div className="fixed inse..." role="dialog" aria-modal="true" aria-label="Add new task" ...>
                        <div className={"\n      ..."}>
                          <div>
                          <div className="p-6 pt-4 o...">
                            <AddTodo onAdd={function AddTaskModal.useCallback[handleAdd]} users={[...]} ...>
                              <CategoryConfidenceIndicator>
>                             <form
>                               onSubmit={function handleQuickAdd}
>                               onDragOver={function handleDragOver}
>                               onDragLeave={function handleDragLeave}
>                               onDrop={function handleDrop}
>                               className="rounded-[var(--radius-xl)] border-2 shadow-[var(--shadow-md)] overflow-hidd..."
>                             >
                                <div>
                                <div>
                                <AnimatePresence>
                                ...
                                  <div ref={{...}} className={"relative "}>
                                    <div>
                                    <div className={" absolut..."}>
                                      <QuickAddCustomerForm initialName="Zzyzx Test..." ...>
>                                       <form onSubmit={function handleSubmit} className="p-3 space-y-2.5">
            ...
 @ http://localhost:3000/_next/static/chunks/e1fc4_next_dist_ca2f7e60._.js:3117
[   63404ms] [ERROR] <%s> cannot contain a nested %s.
See this log for the ancestor stack trace. form <form> @ http://localhost:3000/_next/static/chunks/e1fc4_next_dist_ca2f7e60._.js:3117
[   89280ms] [WARNING] Image with src "https://bzjssogezdnybbenqygq.supabase.co/storage/v1/object/sign/todo-attachments/0898d60d-f0e8-4457-a544-7754c27b9dc8/050227d5-0bdc-470e-ba2c-1d9601c23ee0.jpg?token=eyJraWQiOiJzdG9yYWdlLXVybC1zaWduaW5nLWtleV9kZmFhOGQyZS01YzlhLTQ0ODYtOTU1My0xMDY2YzdjYjIzNGEiLCJhbGciOiJIUzI1NiJ9.eyJ1cmwiOiJ0b2RvLWF0dGFjaG1lbnRzLzA4OThkNjBkLWYwZTgtNDQ1Ny1hNTQ0LTc3NTRjMjdiOWRjOC8wNTAyMjdkNS0wYmRjLTQ3MGUtYmEyYy0xZDk2MDFjMjNlZTAuanBnIiwiaWF0IjoxNzcxNDUxMTk5LCJleHAiOjE3NzE0NTQ3OTl9.syZYIiz3msgMUaO6hJUK3pYm2hd1XBzhd6HLqDabMxk" is using quality "80" which is not configured in images.qualities [75]. Please update your config to [75, 80].
Read more: https://nextjs.org/docs/messages/next-image-unconfigured-qualities @ http://localhost:3000/_next/static/chunks/e1fc4_next_dist_ca2f7e60._.js:2287
[   90216ms] [WARNING] Image with src "https://bzjssogezdnybbenqygq.supabase.co/storage/v1/object/sign/todo-attachments/0898d60d-f0e8-4457-a544-7754c27b9dc8/050227d5-0bdc-470e-ba2c-1d9601c23ee0.jpg?token=eyJraWQiOiJzdG9yYWdlLXVybC1zaWduaW5nLWtleV9kZmFhOGQyZS01YzlhLTQ0ODYtOTU1My0xMDY2YzdjYjIzNGEiLCJhbGciOiJIUzI1NiJ9.eyJ1cmwiOiJ0b2RvLWF0dGFjaG1lbnRzLzA4OThkNjBkLWYwZTgtNDQ1Ny1hNTQ0LTc3NTRjMjdiOWRjOC8wNTAyMjdkNS0wYmRjLTQ3MGUtYmEyYy0xZDk2MDFjMjNlZTAuanBnIiwiaWF0IjoxNzcxNDUxMjAwLCJleHAiOjE3NzE0NTQ4MDB9.snBnfdDcGQOtK64OJmKmLdMeWfP-CmUE5M40t5UIc1c" is using quality "80" which is not configured in images.qualities [75]. Please update your config to [75, 80].
Read more: https://nextjs.org/docs/messages/next-image-unconfigured-qualities @ http://localhost:3000/_next/static/chunks/e1fc4_next_dist_ca2f7e60._.js:2287
[  126590ms] [WARNING] Image with src "https://bzjssogezdnybbenqygq.supabase.co/storage/v1/object/sign/todo-attachments/0898d60d-f0e8-4457-a544-7754c27b9dc8/050227d5-0bdc-470e-ba2c-1d9601c23ee0.jpg?token=eyJraWQiOiJzdG9yYWdlLXVybC1zaWduaW5nLWtleV9kZmFhOGQyZS01YzlhLTQ0ODYtOTU1My0xMDY2YzdjYjIzNGEiLCJhbGciOiJIUzI1NiJ9.eyJ1cmwiOiJ0b2RvLWF0dGFjaG1lbnRzLzA4OThkNjBkLWYwZTgtNDQ1Ny1hNTQ0LTc3NTRjMjdiOWRjOC8wNTAyMjdkNS0wYmRjLTQ3MGUtYmEyYy0xZDk2MDFjMjNlZTAuanBnIiwiaWF0IjoxNzcxNDUxMjM2LCJleHAiOjE3NzE0NTQ4MzZ9.CTbist-iQsdfTtY_OFXuopLiyshNtXqC7y3F4HUJwzw" is using quality "80" which is not configured in images.qualities [75]. Please update your config to [75, 80].
Read more: https://nextjs.org/docs/messages/next-image-unconfigured-qualities @ http://localhost:3000/_next/static/chunks/e1fc4_next_dist_ca2f7e60._.js:2287
[  127507ms] [WARNING] Image with src "https://bzjssogezdnybbenqygq.supabase.co/storage/v1/object/sign/todo-attachments/0898d60d-f0e8-4457-a544-7754c27b9dc8/050227d5-0bdc-470e-ba2c-1d9601c23ee0.jpg?token=eyJraWQiOiJzdG9yYWdlLXVybC1zaWduaW5nLWtleV9kZmFhOGQyZS01YzlhLTQ0ODYtOTU1My0xMDY2YzdjYjIzNGEiLCJhbGciOiJIUzI1NiJ9.eyJ1cmwiOiJ0b2RvLWF0dGFjaG1lbnRzLzA4OThkNjBkLWYwZTgtNDQ1Ny1hNTQ0LTc3NTRjMjdiOWRjOC8wNTAyMjdkNS0wYmRjLTQ3MGUtYmEyYy0xZDk2MDFjMjNlZTAuanBnIiwiaWF0IjoxNzcxNDUxMjM3LCJleHAiOjE3NzE0NTQ4Mzd9.FzjrpH-0qbFQDAcWLU57fVH-6hC2VqU_52bkc57NXP8" is using quality "80" which is not configured in images.qualities [75]. Please update your config to [75, 80].
Read more: https://nextjs.org/docs/messages/next-image-unconfigured-qualities @ http://localhost:3000/_next/static/chunks/e1fc4_next_dist_ca2f7e60._.js:2287
