[  944773ms] [ERROR] %o

%s ReferenceError: Settings2 is not defined
    at OptionsButton (http://localhost:3000/_next/static/chunks/shared-todo-list_src_components_todo_10a0740b._.js?id=%255Bproject%255D%252Fshared-todo-list%252Fsrc%252Fcomponents%252Ftodo%252FTodoFiltersBar.tsx+%255Bapp-client%255D+%2528ecmascript%2529:104:246)
    at Object.react_stack_bottom_frame (http://localhost:3000/_next/static/chunks/e1fc4_next_dist_compiled_react-dom_6a5c472b._.js:14816:24)
    at renderWithHooks (http://localhost:3000/_next/static/chunks/e1fc4_next_dist_compiled_react-dom_6a5c472b._.js:4645:24)
    at updateFunctionComponent (http://localhost:3000/_next/static/chunks/e1fc4_next_dist_compiled_react-dom_6a5c472b._.js:6106:21)
    at beginWork (http://localhost:3000/_next/static/chunks/e1fc4_next_dist_compiled_react-dom_6a5c472b._.js:6702:24)
    at runWithFiberInDEV (http://localhost:3000/_next/static/chunks/e1fc4_next_dist_compiled_react-dom_6a5c472b._.js:959:74)
    at performUnitOfWork (http://localhost:3000/_next/static/chunks/e1fc4_next_dist_compiled_react-dom_6a5c472b._.js:9556:97)
    at workLoopSync (http://localhost:3000/_next/static/chunks/e1fc4_next_dist_compiled_react-dom_6a5c472b._.js:9450:40)
    at renderRootSync (http://localhost:3000/_next/static/chunks/e1fc4_next_dist_compiled_react-dom_6a5c472b._.js:9434:13)
    at performWorkOnRoot (http://localhost:3000/_next/static/chunks/e1fc4_next_dist_compiled_react-dom_6a5c472b._.js:9099:47)
    at performSyncWorkOnRoot (http://localhost:3000/_next/static/chunks/e1fc4_next_dist_compiled_react-dom_6a5c472b._.js:10232:9)
    at flushSyncWorkAcrossRoots_impl (http://localhost:3000/_next/static/chunks/e1fc4_next_dist_compiled_react-dom_6a5c472b._.js:10148:316)
    at processRootScheduleInMicrotask (http://localhost:3000/_next/static/chunks/e1fc4_next_dist_compiled_react-dom_6a5c472b._.js:10169:106)
    at http://localhost:3000/_next/static/chunks/e1fc4_next_dist_compiled_react-dom_6a5c472b._.js:10243:158 The above error occurred in the <OptionsButton> component. It was handled by the <ErrorBoundary> error boundary. @ http://localhost:3000/_next/static/chunks/e1fc4_next_dist_client_3aad6c1b._.js:1294
[  944776ms] [ERROR] [ERROR] ErrorBoundary caught an error Error: Settings2 is not defined
    at OptionsButton (http://localhost:3000/_next/static/chunks/shared-todo-list_src_components_todo_10a0740b._.js?id=%255Bproject%255D%252Fshared-todo-list%252Fsrc%252Fcomponents%252Ftodo%252FTodoFiltersBar.tsx+%255Bapp-client%255D+%2528ecmascript%2529:104:246)
    at Object.react_stack_bottom_frame (http://localhost:3000/_next/static/chunks/e1fc4_next_dist_compiled_react-dom_6a5c472b._.js:14816:24)
    at renderWithHooks (http://localhost:3000/_next/static/chunks/e1fc4_next_dist_compiled_react-dom_6a5c472b._.js:4645:24)
    at updateFunctionComponent (http://localhost:3000/_next/static/chunks/e1fc4_next_dist_compiled_react-dom_6a5c472b._.js:6106:21)
    at beginWork (http://localhost:3000/_next/static/chunks/e1fc4_next_dist_compiled_react-dom_6a5c472b._.js:6702:24)
    at runWithFiberInDEV (http://localhost:3000/_next/static/chunks/e1fc4_next_dist_compiled_react-dom_6a5c472b._.js:959:74)
    at performUnitOfWork (http://localhost:3000/_next/static/chunks/e1fc4_next_dist_compiled_react-dom_6a5c472b._.js:9556:97)
    at workLoopSync (http://localhost:3000/_next/static/chunks/e1fc4_next_dist_compiled_react-dom_6a5c472b._.js:9450:40)
    at renderRootSync (http://localhost:3000/_next/static/chunks/e1fc4_next_dist_compiled_react-dom_6a5c472b._.js:9434:13)
    at performWorkOnRoot (http://localhost:3000/_next/static/chunks/e1fc4_next_dist_compiled_react-dom_6a5c472b._.js:9099:47)
    at performSyncWorkOnRoot (http://localhost:3000/_next/static/chunks/e1fc4_next_dist_compiled_react-dom_6a5c472b._.js:10232:9)
    at flushSyncWorkAcrossRoots_impl (http://localhost:3000/_next/static/chunks/e1fc4_next_dist_compiled_react-dom_6a5c472b._.js:10148:316)
    at processRootScheduleInMicrotask (http://localhost:3000/_next/static/chunks/e1fc4_next_dist_compiled_react-dom_6a5c472b._.js:10169:106)
    at http://localhost:3000/_next/static/chunks/e1fc4_next_dist_compiled_react-dom_6a5c472b._.js:10243:158 {component: ErrorBoundary, action: componentDidCatch, componentStack: 
    at OptionsButton (http://localhost:3000/_next…ks/e1fc4_next_dist_client_3aad6c1b._.js:12983:17)} @ http://localhost:3000/_next/static/chunks/e1fc4_next_dist_ca2f7e60._.js:3117
[  990429ms] [ERROR] %o

%s ReferenceError: OptionsButton is not defined
    at TodoFiltersBar (http://localhost:3000/_next/static/chunks/shared-todo-list_src_components_todo_10a0740b._.js?id=%255Bproject%255D%252Fshared-todo-list%252Fsrc%252Fcomponents%252Ftodo%252FTodoFiltersBar.tsx+%255Bapp-client%255D+%2528ecmascript%2529:1011:264)
    at Object.react_stack_bottom_frame (http://localhost:3000/_next/static/chunks/e1fc4_next_dist_compiled_react-dom_6a5c472b._.js:14816:24)
    at renderWithHooks (http://localhost:3000/_next/static/chunks/e1fc4_next_dist_compiled_react-dom_6a5c472b._.js:4645:24)
    at updateFunctionComponent (http://localhost:3000/_next/static/chunks/e1fc4_next_dist_compiled_react-dom_6a5c472b._.js:6106:21)
    at updateSimpleMemoComponent (http://localhost:3000/_next/static/chunks/e1fc4_next_dist_compiled_react-dom_6a5c472b._.js:5969:16)
    at updateMemoComponent (http://localhost:3000/_next/static/chunks/e1fc4_next_dist_compiled_react-dom_6a5c472b._.js:5944:302)
    at beginWork (http://localhost:3000/_next/static/chunks/e1fc4_next_dist_compiled_react-dom_6a5c472b._.js:6789:24)
    at runWithFiberInDEV (http://localhost:3000/_next/static/chunks/e1fc4_next_dist_compiled_react-dom_6a5c472b._.js:959:74)
    at performUnitOfWork (http://localhost:3000/_next/static/chunks/e1fc4_next_dist_compiled_react-dom_6a5c472b._.js:9556:97)
    at workLoopSync (http://localhost:3000/_next/static/chunks/e1fc4_next_dist_compiled_react-dom_6a5c472b._.js:9450:40)
    at renderRootSync (http://localhost:3000/_next/static/chunks/e1fc4_next_dist_compiled_react-dom_6a5c472b._.js:9434:13)
    at performWorkOnRoot (http://localhost:3000/_next/static/chunks/e1fc4_next_dist_compiled_react-dom_6a5c472b._.js:9099:47)
    at performSyncWorkOnRoot (http://localhost:3000/_next/static/chunks/e1fc4_next_dist_compiled_react-dom_6a5c472b._.js:10232:9)
    at flushSyncWorkAcrossRoots_impl (http://localhost:3000/_next/static/chunks/e1fc4_next_dist_compiled_react-dom_6a5c472b._.js:10148:316)
    at flushSyncWork$1 (http://localhost:3000/_next/static/chunks/e1fc4_next_dist_compiled_react-dom_6a5c472b._.js:9231:86)
    at Object.scheduleRefresh (http://localhost:3000/_next/static/chunks/e1fc4_next_dist_compiled_react-dom_6a5c472b._.js:294:13)
    at http://localhost:3000/_next/static/chunks/e1fc4_next_dist_compiled_215bdc5d._.js:391:33
    at Set.forEach (<anonymous>)
    at Object.performReactRefresh (http://localhost:3000/_next/static/chunks/e1fc4_next_dist_compiled_215bdc5d._.js:384:38)
    at applyUpdate (http://localhost:3000/_next/static/chunks/e1fc4_next_dist_compiled_215bdc5d._.js:878:31)
    at http://localhost:3000/_next/static/chunks/e1fc4_next_dist_compiled_215bdc5d._.js:886:13 The above error occurred in the <TodoFiltersBar> component. It was handled by the <ErrorBoundary> error boundary. @ http://localhost:3000/_next/static/chunks/e1fc4_next_dist_client_3aad6c1b._.js:1294
[  990430ms] [ERROR] [ERROR] ErrorBoundary caught an error Error: OptionsButton is not defined
    at TodoFiltersBar (http://localhost:3000/_next/static/chunks/shared-todo-list_src_components_todo_10a0740b._.js?id=%255Bproject%255D%252Fshared-todo-list%252Fsrc%252Fcomponents%252Ftodo%252FTodoFiltersBar.tsx+%255Bapp-client%255D+%2528ecmascript%2529:1011:264)
    at Object.react_stack_bottom_frame (http://localhost:3000/_next/static/chunks/e1fc4_next_dist_compiled_react-dom_6a5c472b._.js:14816:24)
    at renderWithHooks (http://localhost:3000/_next/static/chunks/e1fc4_next_dist_compiled_react-dom_6a5c472b._.js:4645:24)
    at updateFunctionComponent (http://localhost:3000/_next/static/chunks/e1fc4_next_dist_compiled_react-dom_6a5c472b._.js:6106:21)
    at updateSimpleMemoComponent (http://localhost:3000/_next/static/chunks/e1fc4_next_dist_compiled_react-dom_6a5c472b._.js:5969:16)
    at updateMemoComponent (http://localhost:3000/_next/static/chunks/e1fc4_next_dist_compiled_react-dom_6a5c472b._.js:5944:302)
    at beginWork (http://localhost:3000/_next/static/chunks/e1fc4_next_dist_compiled_react-dom_6a5c472b._.js:6789:24)
    at runWithFiberInDEV (http://localhost:3000/_next/static/chunks/e1fc4_next_dist_compiled_react-dom_6a5c472b._.js:959:74)
    at performUnitOfWork (http://localhost:3000/_next/static/chunks/e1fc4_next_dist_compiled_react-dom_6a5c472b._.js:9556:97)
    at workLoopSync (http://localhost:3000/_next/static/chunks/e1fc4_next_dist_compiled_react-dom_6a5c472b._.js:9450:40)
    at renderRootSync (http://localhost:3000/_next/static/chunks/e1fc4_next_dist_compiled_react-dom_6a5c472b._.js:9434:13)
    at performWorkOnRoot (http://localhost:3000/_next/static/chunks/e1fc4_next_dist_compiled_react-dom_6a5c472b._.js:9099:47)
    at performSyncWorkOnRoot (http://localhost:3000/_next/static/chunks/e1fc4_next_dist_compiled_react-dom_6a5c472b._.js:10232:9)
    at flushSyncWorkAcrossRoots_impl (http://localhost:3000/_next/static/chunks/e1fc4_next_dist_compiled_react-dom_6a5c472b._.js:10148:316)
    at flushSyncWork$1 (http://localhost:3000/_next/static/chunks/e1fc4_next_dist_compiled_react-dom_6a5c472b._.js:9231:86)
    at Object.scheduleRefresh (http://localhost:3000/_next/static/chunks/e1fc4_next_dist_compiled_react-dom_6a5c472b._.js:294:13)
    at http://localhost:3000/_next/static/chunks/e1fc4_next_dist_compiled_215bdc5d._.js:391:33
    at Set.forEach (<anonymous>)
    at Object.performReactRefresh (http://localhost:3000/_next/static/chunks/e1fc4_next_dist_compiled_215bdc5d._.js:384:38)
    at applyUpdate (http://localhost:3000/_next/static/chunks/e1fc4_next_dist_compiled_215bdc5d._.js:878:31)
    at http://localhost:3000/_next/static/chunks/e1fc4_next_dist_compiled_215bdc5d._.js:886:13 {component: ErrorBoundary, action: componentDidCatch, componentStack: 
    at TodoFiltersBar (http://localhost:3000/_nex…ks/e1fc4_next_dist_client_3aad6c1b._.js:12983:17)} @ http://localhost:3000/_next/static/chunks/e1fc4_next_dist_ca2f7e60._.js:3117
[  999578ms] [ERROR] %o

%s ReferenceError: showMoreDropdown is not defined
    at TodoFiltersBar (http://localhost:3000/_next/static/chunks/shared-todo-list_src_components_todo_10a0740b._.js?id=%255Bproject%255D%252Fshared-todo-list%252Fsrc%252Fcomponents%252Ftodo%252FTodoFiltersBar.tsx+%255Bapp-client%255D+%2528ecmascript%2529:56:9)
    at Object.react_stack_bottom_frame (http://localhost:3000/_next/static/chunks/e1fc4_next_dist_compiled_react-dom_6a5c472b._.js:14816:24)
    at renderWithHooks (http://localhost:3000/_next/static/chunks/e1fc4_next_dist_compiled_react-dom_6a5c472b._.js:4645:24)
    at updateFunctionComponent (http://localhost:3000/_next/static/chunks/e1fc4_next_dist_compiled_react-dom_6a5c472b._.js:6106:21)
    at updateSimpleMemoComponent (http://localhost:3000/_next/static/chunks/e1fc4_next_dist_compiled_react-dom_6a5c472b._.js:5969:16)
    at updateMemoComponent (http://localhost:3000/_next/static/chunks/e1fc4_next_dist_compiled_react-dom_6a5c472b._.js:5944:302)
    at beginWork (http://localhost:3000/_next/static/chunks/e1fc4_next_dist_compiled_react-dom_6a5c472b._.js:6789:24)
    at runWithFiberInDEV (http://localhost:3000/_next/static/chunks/e1fc4_next_dist_compiled_react-dom_6a5c472b._.js:959:74)
    at performUnitOfWork (http://localhost:3000/_next/static/chunks/e1fc4_next_dist_compiled_react-dom_6a5c472b._.js:9556:97)
    at workLoopSync (http://localhost:3000/_next/static/chunks/e1fc4_next_dist_compiled_react-dom_6a5c472b._.js:9450:40)
    at renderRootSync (http://localhost:3000/_next/static/chunks/e1fc4_next_dist_compiled_react-dom_6a5c472b._.js:9434:13)
    at performWorkOnRoot (http://localhost:3000/_next/static/chunks/e1fc4_next_dist_compiled_react-dom_6a5c472b._.js:9099:47)
    at performSyncWorkOnRoot (http://localhost:3000/_next/static/chunks/e1fc4_next_dist_compiled_react-dom_6a5c472b._.js:10232:9)
    at flushSyncWorkAcrossRoots_impl (http://localhost:3000/_next/static/chunks/e1fc4_next_dist_compiled_react-dom_6a5c472b._.js:10148:316)
    at flushSyncWork$1 (http://localhost:3000/_next/static/chunks/e1fc4_next_dist_compiled_react-dom_6a5c472b._.js:9231:86)
    at Object.scheduleRefresh (http://localhost:3000/_next/static/chunks/e1fc4_next_dist_compiled_react-dom_6a5c472b._.js:294:13)
    at http://localhost:3000/_next/static/chunks/e1fc4_next_dist_compiled_215bdc5d._.js:391:33
    at Set.forEach (<anonymous>)
    at Object.performReactRefresh (http://localhost:3000/_next/static/chunks/e1fc4_next_dist_compiled_215bdc5d._.js:384:38)
    at applyUpdate (http://localhost:3000/_next/static/chunks/e1fc4_next_dist_compiled_215bdc5d._.js:878:31)
    at http://localhost:3000/_next/static/chunks/e1fc4_next_dist_compiled_215bdc5d._.js:886:13 The above error occurred in the <TodoFiltersBar> component. It was handled by the <ErrorBoundary> error boundary. @ http://localhost:3000/_next/static/chunks/e1fc4_next_dist_client_3aad6c1b._.js:1294
[  999578ms] [ERROR] [ERROR] ErrorBoundary caught an error Error: showMoreDropdown is not defined
    at TodoFiltersBar (http://localhost:3000/_next/static/chunks/shared-todo-list_src_components_todo_10a0740b._.js?id=%255Bproject%255D%252Fshared-todo-list%252Fsrc%252Fcomponents%252Ftodo%252FTodoFiltersBar.tsx+%255Bapp-client%255D+%2528ecmascript%2529:56:9)
    at Object.react_stack_bottom_frame (http://localhost:3000/_next/static/chunks/e1fc4_next_dist_compiled_react-dom_6a5c472b._.js:14816:24)
    at renderWithHooks (http://localhost:3000/_next/static/chunks/e1fc4_next_dist_compiled_react-dom_6a5c472b._.js:4645:24)
    at updateFunctionComponent (http://localhost:3000/_next/static/chunks/e1fc4_next_dist_compiled_react-dom_6a5c472b._.js:6106:21)
    at updateSimpleMemoComponent (http://localhost:3000/_next/static/chunks/e1fc4_next_dist_compiled_react-dom_6a5c472b._.js:5969:16)
    at updateMemoComponent (http://localhost:3000/_next/static/chunks/e1fc4_next_dist_compiled_react-dom_6a5c472b._.js:5944:302)
    at beginWork (http://localhost:3000/_next/static/chunks/e1fc4_next_dist_compiled_react-dom_6a5c472b._.js:6789:24)
    at runWithFiberInDEV (http://localhost:3000/_next/static/chunks/e1fc4_next_dist_compiled_react-dom_6a5c472b._.js:959:74)
    at performUnitOfWork (http://localhost:3000/_next/static/chunks/e1fc4_next_dist_compiled_react-dom_6a5c472b._.js:9556:97)
    at workLoopSync (http://localhost:3000/_next/static/chunks/e1fc4_next_dist_compiled_react-dom_6a5c472b._.js:9450:40)
    at renderRootSync (http://localhost:3000/_next/static/chunks/e1fc4_next_dist_compiled_react-dom_6a5c472b._.js:9434:13)
    at performWorkOnRoot (http://localhost:3000/_next/static/chunks/e1fc4_next_dist_compiled_react-dom_6a5c472b._.js:9099:47)
    at performSyncWorkOnRoot (http://localhost:3000/_next/static/chunks/e1fc4_next_dist_compiled_react-dom_6a5c472b._.js:10232:9)
    at flushSyncWorkAcrossRoots_impl (http://localhost:3000/_next/static/chunks/e1fc4_next_dist_compiled_react-dom_6a5c472b._.js:10148:316)
    at flushSyncWork$1 (http://localhost:3000/_next/static/chunks/e1fc4_next_dist_compiled_react-dom_6a5c472b._.js:9231:86)
    at Object.scheduleRefresh (http://localhost:3000/_next/static/chunks/e1fc4_next_dist_compiled_react-dom_6a5c472b._.js:294:13)
    at http://localhost:3000/_next/static/chunks/e1fc4_next_dist_compiled_215bdc5d._.js:391:33
    at Set.forEach (<anonymous>)
    at Object.performReactRefresh (http://localhost:3000/_next/static/chunks/e1fc4_next_dist_compiled_215bdc5d._.js:384:38)
    at applyUpdate (http://localhost:3000/_next/static/chunks/e1fc4_next_dist_compiled_215bdc5d._.js:878:31)
    at http://localhost:3000/_next/static/chunks/e1fc4_next_dist_compiled_215bdc5d._.js:886:13 {component: ErrorBoundary, action: componentDidCatch, componentStack: 
    at TodoFiltersBar (http://localhost:3000/_nex…ks/e1fc4_next_dist_client_3aad6c1b._.js:12983:17)} @ http://localhost:3000/_next/static/chunks/e1fc4_next_dist_ca2f7e60._.js:3117
[ 1005678ms] [ERROR] %o

%s ReferenceError: showMoreDropdown is not defined
    at TodoFiltersBar (http://localhost:3000/_next/static/chunks/shared-todo-list_src_components_todo_10a0740b._.js?id=%255Bproject%255D%252Fshared-todo-list%252Fsrc%252Fcomponents%252Ftodo%252FTodoFiltersBar.tsx+%255Bapp-client%255D+%2528ecmascript%2529:115:9)
    at Object.react_stack_bottom_frame (http://localhost:3000/_next/static/chunks/e1fc4_next_dist_compiled_react-dom_6a5c472b._.js:14816:24)
    at renderWithHooks (http://localhost:3000/_next/static/chunks/e1fc4_next_dist_compiled_react-dom_6a5c472b._.js:4645:24)
    at updateFunctionComponent (http://localhost:3000/_next/static/chunks/e1fc4_next_dist_compiled_react-dom_6a5c472b._.js:6106:21)
    at updateSimpleMemoComponent (http://localhost:3000/_next/static/chunks/e1fc4_next_dist_compiled_react-dom_6a5c472b._.js:5969:16)
    at updateMemoComponent (http://localhost:3000/_next/static/chunks/e1fc4_next_dist_compiled_react-dom_6a5c472b._.js:5944:302)
    at beginWork (http://localhost:3000/_next/static/chunks/e1fc4_next_dist_compiled_react-dom_6a5c472b._.js:6789:24)
    at runWithFiberInDEV (http://localhost:3000/_next/static/chunks/e1fc4_next_dist_compiled_react-dom_6a5c472b._.js:959:74)
    at performUnitOfWork (http://localhost:3000/_next/static/chunks/e1fc4_next_dist_compiled_react-dom_6a5c472b._.js:9556:97)
    at workLoopSync (http://localhost:3000/_next/static/chunks/e1fc4_next_dist_compiled_react-dom_6a5c472b._.js:9450:40)
    at renderRootSync (http://localhost:3000/_next/static/chunks/e1fc4_next_dist_compiled_react-dom_6a5c472b._.js:9434:13)
    at performWorkOnRoot (http://localhost:3000/_next/static/chunks/e1fc4_next_dist_compiled_react-dom_6a5c472b._.js:9099:47)
    at performSyncWorkOnRoot (http://localhost:3000/_next/static/chunks/e1fc4_next_dist_compiled_react-dom_6a5c472b._.js:10232:9)
    at flushSyncWorkAcrossRoots_impl (http://localhost:3000/_next/static/chunks/e1fc4_next_dist_compiled_react-dom_6a5c472b._.js:10148:316)
    at flushSyncWork$1 (http://localhost:3000/_next/static/chunks/e1fc4_next_dist_compiled_react-dom_6a5c472b._.js:9231:86)
    at Object.scheduleRefresh (http://localhost:3000/_next/static/chunks/e1fc4_next_dist_compiled_react-dom_6a5c472b._.js:294:13)
    at http://localhost:3000/_next/static/chunks/e1fc4_next_dist_compiled_215bdc5d._.js:391:33
    at Set.forEach (<anonymous>)
    at Object.performReactRefresh (http://localhost:3000/_next/static/chunks/e1fc4_next_dist_compiled_215bdc5d._.js:384:38)
    at applyUpdate (http://localhost:3000/_next/static/chunks/e1fc4_next_dist_compiled_215bdc5d._.js:878:31)
    at http://localhost:3000/_next/static/chunks/e1fc4_next_dist_compiled_215bdc5d._.js:886:13 The above error occurred in the <TodoFiltersBar> component. It was handled by the <ErrorBoundary> error boundary. @ http://localhost:3000/_next/static/chunks/e1fc4_next_dist_client_3aad6c1b._.js:1294
[ 1005678ms] [ERROR] [ERROR] ErrorBoundary caught an error Error: showMoreDropdown is not defined
    at TodoFiltersBar (http://localhost:3000/_next/static/chunks/shared-todo-list_src_components_todo_10a0740b._.js?id=%255Bproject%255D%252Fshared-todo-list%252Fsrc%252Fcomponents%252Ftodo%252FTodoFiltersBar.tsx+%255Bapp-client%255D+%2528ecmascript%2529:115:9)
    at Object.react_stack_bottom_frame (http://localhost:3000/_next/static/chunks/e1fc4_next_dist_compiled_react-dom_6a5c472b._.js:14816:24)
    at renderWithHooks (http://localhost:3000/_next/static/chunks/e1fc4_next_dist_compiled_react-dom_6a5c472b._.js:4645:24)
    at updateFunctionComponent (http://localhost:3000/_next/static/chunks/e1fc4_next_dist_compiled_react-dom_6a5c472b._.js:6106:21)
    at updateSimpleMemoComponent (http://localhost:3000/_next/static/chunks/e1fc4_next_dist_compiled_react-dom_6a5c472b._.js:5969:16)
    at updateMemoComponent (http://localhost:3000/_next/static/chunks/e1fc4_next_dist_compiled_react-dom_6a5c472b._.js:5944:302)
    at beginWork (http://localhost:3000/_next/static/chunks/e1fc4_next_dist_compiled_react-dom_6a5c472b._.js:6789:24)
    at runWithFiberInDEV (http://localhost:3000/_next/static/chunks/e1fc4_next_dist_compiled_react-dom_6a5c472b._.js:959:74)
    at performUnitOfWork (http://localhost:3000/_next/static/chunks/e1fc4_next_dist_compiled_react-dom_6a5c472b._.js:9556:97)
    at workLoopSync (http://localhost:3000/_next/static/chunks/e1fc4_next_dist_compiled_react-dom_6a5c472b._.js:9450:40)
    at renderRootSync (http://localhost:3000/_next/static/chunks/e1fc4_next_dist_compiled_react-dom_6a5c472b._.js:9434:13)
    at performWorkOnRoot (http://localhost:3000/_next/static/chunks/e1fc4_next_dist_compiled_react-dom_6a5c472b._.js:9099:47)
    at performSyncWorkOnRoot (http://localhost:3000/_next/static/chunks/e1fc4_next_dist_compiled_react-dom_6a5c472b._.js:10232:9)
    at flushSyncWorkAcrossRoots_impl (http://localhost:3000/_next/static/chunks/e1fc4_next_dist_compiled_react-dom_6a5c472b._.js:10148:316)
    at flushSyncWork$1 (http://localhost:3000/_next/static/chunks/e1fc4_next_dist_compiled_react-dom_6a5c472b._.js:9231:86)
    at Object.scheduleRefresh (http://localhost:3000/_next/static/chunks/e1fc4_next_dist_compiled_react-dom_6a5c472b._.js:294:13)
    at http://localhost:3000/_next/static/chunks/e1fc4_next_dist_compiled_215bdc5d._.js:391:33
    at Set.forEach (<anonymous>)
    at Object.performReactRefresh (http://localhost:3000/_next/static/chunks/e1fc4_next_dist_compiled_215bdc5d._.js:384:38)
    at applyUpdate (http://localhost:3000/_next/static/chunks/e1fc4_next_dist_compiled_215bdc5d._.js:878:31)
    at http://localhost:3000/_next/static/chunks/e1fc4_next_dist_compiled_215bdc5d._.js:886:13 {component: ErrorBoundary, action: componentDidCatch, componentStack: 
    at TodoFiltersBar (http://localhost:3000/_nex…ks/e1fc4_next_dist_client_3aad6c1b._.js:12983:17)} @ http://localhost:3000/_next/static/chunks/e1fc4_next_dist_ca2f7e60._.js:3117
[ 1029076ms] [ERROR] %o

%s ReferenceError: showMoreDropdown is not defined
    at TodoFiltersBar (http://localhost:3000/_next/static/chunks/shared-todo-list_src_components_todo_10a0740b._.js?id=%255Bproject%255D%252Fshared-todo-list%252Fsrc%252Fcomponents%252Ftodo%252FTodoFiltersBar.tsx+%255Bapp-client%255D+%2528ecmascript%2529:115:9)
    at Object.react_stack_bottom_frame (http://localhost:3000/_next/static/chunks/e1fc4_next_dist_compiled_react-dom_6a5c472b._.js:14816:24)
    at renderWithHooks (http://localhost:3000/_next/static/chunks/e1fc4_next_dist_compiled_react-dom_6a5c472b._.js:4645:24)
    at updateFunctionComponent (http://localhost:3000/_next/static/chunks/e1fc4_next_dist_compiled_react-dom_6a5c472b._.js:6106:21)
    at updateSimpleMemoComponent (http://localhost:3000/_next/static/chunks/e1fc4_next_dist_compiled_react-dom_6a5c472b._.js:5969:16)
    at updateMemoComponent (http://localhost:3000/_next/static/chunks/e1fc4_next_dist_compiled_react-dom_6a5c472b._.js:5944:302)
    at beginWork (http://localhost:3000/_next/static/chunks/e1fc4_next_dist_compiled_react-dom_6a5c472b._.js:6789:24)
    at runWithFiberInDEV (http://localhost:3000/_next/static/chunks/e1fc4_next_dist_compiled_react-dom_6a5c472b._.js:959:74)
    at performUnitOfWork (http://localhost:3000/_next/static/chunks/e1fc4_next_dist_compiled_react-dom_6a5c472b._.js:9556:97)
    at workLoopSync (http://localhost:3000/_next/static/chunks/e1fc4_next_dist_compiled_react-dom_6a5c472b._.js:9450:40)
    at renderRootSync (http://localhost:3000/_next/static/chunks/e1fc4_next_dist_compiled_react-dom_6a5c472b._.js:9434:13)
    at performWorkOnRoot (http://localhost:3000/_next/static/chunks/e1fc4_next_dist_compiled_react-dom_6a5c472b._.js:9099:47)
    at performSyncWorkOnRoot (http://localhost:3000/_next/static/chunks/e1fc4_next_dist_compiled_react-dom_6a5c472b._.js:10232:9)
    at flushSyncWorkAcrossRoots_impl (http://localhost:3000/_next/static/chunks/e1fc4_next_dist_compiled_react-dom_6a5c472b._.js:10148:316)
    at flushSyncWork$1 (http://localhost:3000/_next/static/chunks/e1fc4_next_dist_compiled_react-dom_6a5c472b._.js:9231:86)
    at Object.scheduleRefresh (http://localhost:3000/_next/static/chunks/e1fc4_next_dist_compiled_react-dom_6a5c472b._.js:294:13)
    at http://localhost:3000/_next/static/chunks/e1fc4_next_dist_compiled_215bdc5d._.js:391:33
    at Set.forEach (<anonymous>)
    at Object.performReactRefresh (http://localhost:3000/_next/static/chunks/e1fc4_next_dist_compiled_215bdc5d._.js:384:38)
    at applyUpdate (http://localhost:3000/_next/static/chunks/e1fc4_next_dist_compiled_215bdc5d._.js:878:31)
    at http://localhost:3000/_next/static/chunks/e1fc4_next_dist_compiled_215bdc5d._.js:886:13 The above error occurred in the <TodoFiltersBar> component. It was handled by the <ErrorBoundary> error boundary. @ http://localhost:3000/_next/static/chunks/e1fc4_next_dist_client_3aad6c1b._.js:1294
[ 1029077ms] [ERROR] [ERROR] ErrorBoundary caught an error Error: showMoreDropdown is not defined
    at TodoFiltersBar (http://localhost:3000/_next/static/chunks/shared-todo-list_src_components_todo_10a0740b._.js?id=%255Bproject%255D%252Fshared-todo-list%252Fsrc%252Fcomponents%252Ftodo%252FTodoFiltersBar.tsx+%255Bapp-client%255D+%2528ecmascript%2529:115:9)
    at Object.react_stack_bottom_frame (http://localhost:3000/_next/static/chunks/e1fc4_next_dist_compiled_react-dom_6a5c472b._.js:14816:24)
    at renderWithHooks (http://localhost:3000/_next/static/chunks/e1fc4_next_dist_compiled_react-dom_6a5c472b._.js:4645:24)
    at updateFunctionComponent (http://localhost:3000/_next/static/chunks/e1fc4_next_dist_compiled_react-dom_6a5c472b._.js:6106:21)
    at updateSimpleMemoComponent (http://localhost:3000/_next/static/chunks/e1fc4_next_dist_compiled_react-dom_6a5c472b._.js:5969:16)
    at updateMemoComponent (http://localhost:3000/_next/static/chunks/e1fc4_next_dist_compiled_react-dom_6a5c472b._.js:5944:302)
    at beginWork (http://localhost:3000/_next/static/chunks/e1fc4_next_dist_compiled_react-dom_6a5c472b._.js:6789:24)
    at runWithFiberInDEV (http://localhost:3000/_next/static/chunks/e1fc4_next_dist_compiled_react-dom_6a5c472b._.js:959:74)
    at performUnitOfWork (http://localhost:3000/_next/static/chunks/e1fc4_next_dist_compiled_react-dom_6a5c472b._.js:9556:97)
    at workLoopSync (http://localhost:3000/_next/static/chunks/e1fc4_next_dist_compiled_react-dom_6a5c472b._.js:9450:40)
    at renderRootSync (http://localhost:3000/_next/static/chunks/e1fc4_next_dist_compiled_react-dom_6a5c472b._.js:9434:13)
    at performWorkOnRoot (http://localhost:3000/_next/static/chunks/e1fc4_next_dist_compiled_react-dom_6a5c472b._.js:9099:47)
    at performSyncWorkOnRoot (http://localhost:3000/_next/static/chunks/e1fc4_next_dist_compiled_react-dom_6a5c472b._.js:10232:9)
    at flushSyncWorkAcrossRoots_impl (http://localhost:3000/_next/static/chunks/e1fc4_next_dist_compiled_react-dom_6a5c472b._.js:10148:316)
    at flushSyncWork$1 (http://localhost:3000/_next/static/chunks/e1fc4_next_dist_compiled_react-dom_6a5c472b._.js:9231:86)
    at Object.scheduleRefresh (http://localhost:3000/_next/static/chunks/e1fc4_next_dist_compiled_react-dom_6a5c472b._.js:294:13)
    at http://localhost:3000/_next/static/chunks/e1fc4_next_dist_compiled_215bdc5d._.js:391:33
    at Set.forEach (<anonymous>)
    at Object.performReactRefresh (http://localhost:3000/_next/static/chunks/e1fc4_next_dist_compiled_215bdc5d._.js:384:38)
    at applyUpdate (http://localhost:3000/_next/static/chunks/e1fc4_next_dist_compiled_215bdc5d._.js:878:31)
    at http://localhost:3000/_next/static/chunks/e1fc4_next_dist_compiled_215bdc5d._.js:886:13 {component: ErrorBoundary, action: componentDidCatch, componentStack: 
    at TodoFiltersBar (http://localhost:3000/_nex…ks/e1fc4_next_dist_client_3aad6c1b._.js:12983:17)} @ http://localhost:3000/_next/static/chunks/e1fc4_next_dist_ca2f7e60._.js:3117
[ 1062336ms] [ERROR] %o

%s ReferenceError: showMoreDropdown is not defined
    at TodoFiltersBar (http://localhost:3000/_next/static/chunks/shared-todo-list_src_components_todo_10a0740b._.js?id=%255Bproject%255D%252Fshared-todo-list%252Fsrc%252Fcomponents%252Ftodo%252FTodoFiltersBar.tsx+%255Bapp-client%255D+%2528ecmascript%2529:115:9)
    at Object.react_stack_bottom_frame (http://localhost:3000/_next/static/chunks/e1fc4_next_dist_compiled_react-dom_6a5c472b._.js:14816:24)
    at renderWithHooks (http://localhost:3000/_next/static/chunks/e1fc4_next_dist_compiled_react-dom_6a5c472b._.js:4645:24)
    at updateFunctionComponent (http://localhost:3000/_next/static/chunks/e1fc4_next_dist_compiled_react-dom_6a5c472b._.js:6106:21)
    at updateSimpleMemoComponent (http://localhost:3000/_next/static/chunks/e1fc4_next_dist_compiled_react-dom_6a5c472b._.js:5969:16)
    at updateMemoComponent (http://localhost:3000/_next/static/chunks/e1fc4_next_dist_compiled_react-dom_6a5c472b._.js:5944:302)
    at beginWork (http://localhost:3000/_next/static/chunks/e1fc4_next_dist_compiled_react-dom_6a5c472b._.js:6789:24)
    at runWithFiberInDEV (http://localhost:3000/_next/static/chunks/e1fc4_next_dist_compiled_react-dom_6a5c472b._.js:959:74)
    at performUnitOfWork (http://localhost:3000/_next/static/chunks/e1fc4_next_dist_compiled_react-dom_6a5c472b._.js:9556:97)
    at workLoopSync (http://localhost:3000/_next/static/chunks/e1fc4_next_dist_compiled_react-dom_6a5c472b._.js:9450:40)
    at renderRootSync (http://localhost:3000/_next/static/chunks/e1fc4_next_dist_compiled_react-dom_6a5c472b._.js:9434:13)
    at performWorkOnRoot (http://localhost:3000/_next/static/chunks/e1fc4_next_dist_compiled_react-dom_6a5c472b._.js:9099:47)
    at performSyncWorkOnRoot (http://localhost:3000/_next/static/chunks/e1fc4_next_dist_compiled_react-dom_6a5c472b._.js:10232:9)
    at flushSyncWorkAcrossRoots_impl (http://localhost:3000/_next/static/chunks/e1fc4_next_dist_compiled_react-dom_6a5c472b._.js:10148:316)
    at flushSyncWork$1 (http://localhost:3000/_next/static/chunks/e1fc4_next_dist_compiled_react-dom_6a5c472b._.js:9231:86)
    at Object.scheduleRefresh (http://localhost:3000/_next/static/chunks/e1fc4_next_dist_compiled_react-dom_6a5c472b._.js:294:13)
    at http://localhost:3000/_next/static/chunks/e1fc4_next_dist_compiled_215bdc5d._.js:391:33
    at Set.forEach (<anonymous>)
    at Object.performReactRefresh (http://localhost:3000/_next/static/chunks/e1fc4_next_dist_compiled_215bdc5d._.js:384:38)
    at applyUpdate (http://localhost:3000/_next/static/chunks/e1fc4_next_dist_compiled_215bdc5d._.js:878:31)
    at http://localhost:3000/_next/static/chunks/e1fc4_next_dist_compiled_215bdc5d._.js:886:13 The above error occurred in the <TodoFiltersBar> component. It was handled by the <ErrorBoundary> error boundary. @ http://localhost:3000/_next/static/chunks/e1fc4_next_dist_client_3aad6c1b._.js:1294
[ 1062337ms] [ERROR] [ERROR] ErrorBoundary caught an error Error: showMoreDropdown is not defined
    at TodoFiltersBar (http://localhost:3000/_next/static/chunks/shared-todo-list_src_components_todo_10a0740b._.js?id=%255Bproject%255D%252Fshared-todo-list%252Fsrc%252Fcomponents%252Ftodo%252FTodoFiltersBar.tsx+%255Bapp-client%255D+%2528ecmascript%2529:115:9)
    at Object.react_stack_bottom_frame (http://localhost:3000/_next/static/chunks/e1fc4_next_dist_compiled_react-dom_6a5c472b._.js:14816:24)
    at renderWithHooks (http://localhost:3000/_next/static/chunks/e1fc4_next_dist_compiled_react-dom_6a5c472b._.js:4645:24)
    at updateFunctionComponent (http://localhost:3000/_next/static/chunks/e1fc4_next_dist_compiled_react-dom_6a5c472b._.js:6106:21)
    at updateSimpleMemoComponent (http://localhost:3000/_next/static/chunks/e1fc4_next_dist_compiled_react-dom_6a5c472b._.js:5969:16)
    at updateMemoComponent (http://localhost:3000/_next/static/chunks/e1fc4_next_dist_compiled_react-dom_6a5c472b._.js:5944:302)
    at beginWork (http://localhost:3000/_next/static/chunks/e1fc4_next_dist_compiled_react-dom_6a5c472b._.js:6789:24)
    at runWithFiberInDEV (http://localhost:3000/_next/static/chunks/e1fc4_next_dist_compiled_react-dom_6a5c472b._.js:959:74)
    at performUnitOfWork (http://localhost:3000/_next/static/chunks/e1fc4_next_dist_compiled_react-dom_6a5c472b._.js:9556:97)
    at workLoopSync (http://localhost:3000/_next/static/chunks/e1fc4_next_dist_compiled_react-dom_6a5c472b._.js:9450:40)
    at renderRootSync (http://localhost:3000/_next/static/chunks/e1fc4_next_dist_compiled_react-dom_6a5c472b._.js:9434:13)
    at performWorkOnRoot (http://localhost:3000/_next/static/chunks/e1fc4_next_dist_compiled_react-dom_6a5c472b._.js:9099:47)
    at performSyncWorkOnRoot (http://localhost:3000/_next/static/chunks/e1fc4_next_dist_compiled_react-dom_6a5c472b._.js:10232:9)
    at flushSyncWorkAcrossRoots_impl (http://localhost:3000/_next/static/chunks/e1fc4_next_dist_compiled_react-dom_6a5c472b._.js:10148:316)
    at flushSyncWork$1 (http://localhost:3000/_next/static/chunks/e1fc4_next_dist_compiled_react-dom_6a5c472b._.js:9231:86)
    at Object.scheduleRefresh (http://localhost:3000/_next/static/chunks/e1fc4_next_dist_compiled_react-dom_6a5c472b._.js:294:13)
    at http://localhost:3000/_next/static/chunks/e1fc4_next_dist_compiled_215bdc5d._.js:391:33
    at Set.forEach (<anonymous>)
    at Object.performReactRefresh (http://localhost:3000/_next/static/chunks/e1fc4_next_dist_compiled_215bdc5d._.js:384:38)
    at applyUpdate (http://localhost:3000/_next/static/chunks/e1fc4_next_dist_compiled_215bdc5d._.js:878:31)
    at http://localhost:3000/_next/static/chunks/e1fc4_next_dist_compiled_215bdc5d._.js:886:13 {component: ErrorBoundary, action: componentDidCatch, componentStack: 
    at TodoFiltersBar (http://localhost:3000/_nex…ks/e1fc4_next_dist_client_3aad6c1b._.js:12983:17)} @ http://localhost:3000/_next/static/chunks/e1fc4_next_dist_ca2f7e60._.js:3117
[ 1068285ms] [ERROR] %o

%s ReferenceError: showMoreDropdown is not defined
    at useTodoListState (http://localhost:3000/_next/static/chunks/shared-todo-list_src_hooks_8f60383b._.js?id=%255Bproject%255D%252Fshared-todo-list%252Fsrc%252Fhooks%252FuseTodoListState.ts+%255Bapp-client%255D+%2528ecmascript%2529:72:18)
    at TodoList (http://localhost:3000/_next/static/chunks/shared-todo-list_src_components_632da8c4._.js?id=%255Bproject%255D%252Fshared-todo-list%252Fsrc%252Fcomponents%252FTodoList.tsx+%255Bapp-client%255D+%2528ecmascript%2529:133:201)
    at Object.react_stack_bottom_frame (http://localhost:3000/_next/static/chunks/e1fc4_next_dist_compiled_react-dom_6a5c472b._.js:14816:24)
    at renderWithHooks (http://localhost:3000/_next/static/chunks/e1fc4_next_dist_compiled_react-dom_6a5c472b._.js:4645:24)
    at updateFunctionComponent (http://localhost:3000/_next/static/chunks/e1fc4_next_dist_compiled_react-dom_6a5c472b._.js:6106:21)
    at beginWork (http://localhost:3000/_next/static/chunks/e1fc4_next_dist_compiled_react-dom_6a5c472b._.js:6681:639)
    at runWithFiberInDEV (http://localhost:3000/_next/static/chunks/e1fc4_next_dist_compiled_react-dom_6a5c472b._.js:959:74)
    at performUnitOfWork (http://localhost:3000/_next/static/chunks/e1fc4_next_dist_compiled_react-dom_6a5c472b._.js:9556:97)
    at workLoopSync (http://localhost:3000/_next/static/chunks/e1fc4_next_dist_compiled_react-dom_6a5c472b._.js:9450:40)
    at renderRootSync (http://localhost:3000/_next/static/chunks/e1fc4_next_dist_compiled_react-dom_6a5c472b._.js:9434:13)
    at performWorkOnRoot (http://localhost:3000/_next/static/chunks/e1fc4_next_dist_compiled_react-dom_6a5c472b._.js:9099:47)
    at performSyncWorkOnRoot (http://localhost:3000/_next/static/chunks/e1fc4_next_dist_compiled_react-dom_6a5c472b._.js:10232:9)
    at flushSyncWorkAcrossRoots_impl (http://localhost:3000/_next/static/chunks/e1fc4_next_dist_compiled_react-dom_6a5c472b._.js:10148:316)
    at flushSyncWork$1 (http://localhost:3000/_next/static/chunks/e1fc4_next_dist_compiled_react-dom_6a5c472b._.js:9231:86)
    at Object.scheduleRefresh (http://localhost:3000/_next/static/chunks/e1fc4_next_dist_compiled_react-dom_6a5c472b._.js:294:13)
    at http://localhost:3000/_next/static/chunks/e1fc4_next_dist_compiled_215bdc5d._.js:391:33
    at Set.forEach (<anonymous>)
    at Object.performReactRefresh (http://localhost:3000/_next/static/chunks/e1fc4_next_dist_compiled_215bdc5d._.js:384:38)
    at applyUpdate (http://localhost:3000/_next/static/chunks/e1fc4_next_dist_compiled_215bdc5d._.js:878:31)
    at http://localhost:3000/_next/static/chunks/e1fc4_next_dist_compiled_215bdc5d._.js:886:13 The above error occurred in the <TodoList> component. It was handled by the <ErrorBoundary> error boundary. @ http://localhost:3000/_next/static/chunks/e1fc4_next_dist_client_3aad6c1b._.js:1294
[ 1068286ms] [ERROR] [ERROR] ErrorBoundary caught an error Error: showMoreDropdown is not defined
    at useTodoListState (http://localhost:3000/_next/static/chunks/shared-todo-list_src_hooks_8f60383b._.js?id=%255Bproject%255D%252Fshared-todo-list%252Fsrc%252Fhooks%252FuseTodoListState.ts+%255Bapp-client%255D+%2528ecmascript%2529:72:18)
    at TodoList (http://localhost:3000/_next/static/chunks/shared-todo-list_src_components_632da8c4._.js?id=%255Bproject%255D%252Fshared-todo-list%252Fsrc%252Fcomponents%252FTodoList.tsx+%255Bapp-client%255D+%2528ecmascript%2529:133:201)
    at Object.react_stack_bottom_frame (http://localhost:3000/_next/static/chunks/e1fc4_next_dist_compiled_react-dom_6a5c472b._.js:14816:24)
    at renderWithHooks (http://localhost:3000/_next/static/chunks/e1fc4_next_dist_compiled_react-dom_6a5c472b._.js:4645:24)
    at updateFunctionComponent (http://localhost:3000/_next/static/chunks/e1fc4_next_dist_compiled_react-dom_6a5c472b._.js:6106:21)
    at beginWork (http://localhost:3000/_next/static/chunks/e1fc4_next_dist_compiled_react-dom_6a5c472b._.js:6681:639)
    at runWithFiberInDEV (http://localhost:3000/_next/static/chunks/e1fc4_next_dist_compiled_react-dom_6a5c472b._.js:959:74)
    at performUnitOfWork (http://localhost:3000/_next/static/chunks/e1fc4_next_dist_compiled_react-dom_6a5c472b._.js:9556:97)
    at workLoopSync (http://localhost:3000/_next/static/chunks/e1fc4_next_dist_compiled_react-dom_6a5c472b._.js:9450:40)
    at renderRootSync (http://localhost:3000/_next/static/chunks/e1fc4_next_dist_compiled_react-dom_6a5c472b._.js:9434:13)
    at performWorkOnRoot (http://localhost:3000/_next/static/chunks/e1fc4_next_dist_compiled_react-dom_6a5c472b._.js:9099:47)
    at performSyncWorkOnRoot (http://localhost:3000/_next/static/chunks/e1fc4_next_dist_compiled_react-dom_6a5c472b._.js:10232:9)
    at flushSyncWorkAcrossRoots_impl (http://localhost:3000/_next/static/chunks/e1fc4_next_dist_compiled_react-dom_6a5c472b._.js:10148:316)
    at flushSyncWork$1 (http://localhost:3000/_next/static/chunks/e1fc4_next_dist_compiled_react-dom_6a5c472b._.js:9231:86)
    at Object.scheduleRefresh (http://localhost:3000/_next/static/chunks/e1fc4_next_dist_compiled_react-dom_6a5c472b._.js:294:13)
    at http://localhost:3000/_next/static/chunks/e1fc4_next_dist_compiled_215bdc5d._.js:391:33
    at Set.forEach (<anonymous>)
    at Object.performReactRefresh (http://localhost:3000/_next/static/chunks/e1fc4_next_dist_compiled_215bdc5d._.js:384:38)
    at applyUpdate (http://localhost:3000/_next/static/chunks/e1fc4_next_dist_compiled_215bdc5d._.js:878:31)
    at http://localhost:3000/_next/static/chunks/e1fc4_next_dist_compiled_215bdc5d._.js:886:13 {component: ErrorBoundary, action: componentDidCatch, componentStack: 
    at TodoList (http://localhost:3000/_next/stat…ks/e1fc4_next_dist_client_3aad6c1b._.js:12983:17)} @ http://localhost:3000/_next/static/chunks/e1fc4_next_dist_ca2f7e60._.js:3117
[ 1073916ms] [ERROR] %o

%s ReferenceError: showMoreDropdown is not defined
    at useTodoListState (http://localhost:3000/_next/static/chunks/shared-todo-list_src_d0eb5be4._.js?id=%255Bproject%255D%252Fshared-todo-list%252Fsrc%252Fhooks%252FuseTodoListState.ts+%255Bapp-client%255D+%2528ecmascript%2529:187:9)
    at TodoList (http://localhost:3000/_next/static/chunks/shared-todo-list_src_components_632da8c4._.js?id=%255Bproject%255D%252Fshared-todo-list%252Fsrc%252Fcomponents%252FTodoList.tsx+%255Bapp-client%255D+%2528ecmascript%2529:133:201)
    at Object.react_stack_bottom_frame (http://localhost:3000/_next/static/chunks/e1fc4_next_dist_compiled_react-dom_6a5c472b._.js:14816:24)
    at renderWithHooks (http://localhost:3000/_next/static/chunks/e1fc4_next_dist_compiled_react-dom_6a5c472b._.js:4645:24)
    at updateFunctionComponent (http://localhost:3000/_next/static/chunks/e1fc4_next_dist_compiled_react-dom_6a5c472b._.js:6106:21)
    at beginWork (http://localhost:3000/_next/static/chunks/e1fc4_next_dist_compiled_react-dom_6a5c472b._.js:6681:639)
    at runWithFiberInDEV (http://localhost:3000/_next/static/chunks/e1fc4_next_dist_compiled_react-dom_6a5c472b._.js:959:74)
    at performUnitOfWork (http://localhost:3000/_next/static/chunks/e1fc4_next_dist_compiled_react-dom_6a5c472b._.js:9556:97)
    at workLoopSync (http://localhost:3000/_next/static/chunks/e1fc4_next_dist_compiled_react-dom_6a5c472b._.js:9450:40)
    at renderRootSync (http://localhost:3000/_next/static/chunks/e1fc4_next_dist_compiled_react-dom_6a5c472b._.js:9434:13)
    at performWorkOnRoot (http://localhost:3000/_next/static/chunks/e1fc4_next_dist_compiled_react-dom_6a5c472b._.js:9099:47)
    at performWorkOnRootViaSchedulerTask (http://localhost:3000/_next/static/chunks/e1fc4_next_dist_compiled_react-dom_6a5c472b._.js:10224:9)
    at MessagePort.performWorkUntilDeadline (http://localhost:3000/_next/static/chunks/e1fc4_next_dist_compiled_215bdc5d._.js:2647:64) The above error occurred in the <TodoList> component. It was handled by the <ErrorBoundary> error boundary. @ http://localhost:3000/_next/static/chunks/e1fc4_next_dist_client_3aad6c1b._.js:1294
[ 1073916ms] [ERROR] [ERROR] ErrorBoundary caught an error Error: showMoreDropdown is not defined
    at useTodoListState (http://localhost:3000/_next/static/chunks/shared-todo-list_src_d0eb5be4._.js?id=%255Bproject%255D%252Fshared-todo-list%252Fsrc%252Fhooks%252FuseTodoListState.ts+%255Bapp-client%255D+%2528ecmascript%2529:187:9)
    at TodoList (http://localhost:3000/_next/static/chunks/shared-todo-list_src_components_632da8c4._.js?id=%255Bproject%255D%252Fshared-todo-list%252Fsrc%252Fcomponents%252FTodoList.tsx+%255Bapp-client%255D+%2528ecmascript%2529:133:201)
    at Object.react_stack_bottom_frame (http://localhost:3000/_next/static/chunks/e1fc4_next_dist_compiled_react-dom_6a5c472b._.js:14816:24)
    at renderWithHooks (http://localhost:3000/_next/static/chunks/e1fc4_next_dist_compiled_react-dom_6a5c472b._.js:4645:24)
    at updateFunctionComponent (http://localhost:3000/_next/static/chunks/e1fc4_next_dist_compiled_react-dom_6a5c472b._.js:6106:21)
    at beginWork (http://localhost:3000/_next/static/chunks/e1fc4_next_dist_compiled_react-dom_6a5c472b._.js:6681:639)
    at runWithFiberInDEV (http://localhost:3000/_next/static/chunks/e1fc4_next_dist_compiled_react-dom_6a5c472b._.js:959:74)
    at performUnitOfWork (http://localhost:3000/_next/static/chunks/e1fc4_next_dist_compiled_react-dom_6a5c472b._.js:9556:97)
    at workLoopSync (http://localhost:3000/_next/static/chunks/e1fc4_next_dist_compiled_react-dom_6a5c472b._.js:9450:40)
    at renderRootSync (http://localhost:3000/_next/static/chunks/e1fc4_next_dist_compiled_react-dom_6a5c472b._.js:9434:13)
    at performWorkOnRoot (http://localhost:3000/_next/static/chunks/e1fc4_next_dist_compiled_react-dom_6a5c472b._.js:9099:47)
    at performWorkOnRootViaSchedulerTask (http://localhost:3000/_next/static/chunks/e1fc4_next_dist_compiled_react-dom_6a5c472b._.js:10224:9)
    at MessagePort.performWorkUntilDeadline (http://localhost:3000/_next/static/chunks/e1fc4_next_dist_compiled_215bdc5d._.js:2647:64) {component: ErrorBoundary, action: componentDidCatch, componentStack: 
    at TodoList (http://localhost:3000/_next/stat…ks/e1fc4_next_dist_client_3aad6c1b._.js:12983:17)} @ http://localhost:3000/_next/static/chunks/e1fc4_next_dist_ca2f7e60._.js:3117
[ 1078428ms] [ERROR] %o

%s ReferenceError: showMoreDropdown is not defined
    at TodoFiltersBar (http://localhost:3000/_next/static/chunks/shared-todo-list_src_components_todo_10a0740b._.js?id=%255Bproject%255D%252Fshared-todo-list%252Fsrc%252Fcomponents%252Ftodo%252FTodoFiltersBar.tsx+%255Bapp-client%255D+%2528ecmascript%2529:115:9)
    at Object.react_stack_bottom_frame (http://localhost:3000/_next/static/chunks/e1fc4_next_dist_compiled_react-dom_6a5c472b._.js:14816:24)
    at renderWithHooks (http://localhost:3000/_next/static/chunks/e1fc4_next_dist_compiled_react-dom_6a5c472b._.js:4645:24)
    at updateFunctionComponent (http://localhost:3000/_next/static/chunks/e1fc4_next_dist_compiled_react-dom_6a5c472b._.js:6106:21)
    at updateSimpleMemoComponent (http://localhost:3000/_next/static/chunks/e1fc4_next_dist_compiled_react-dom_6a5c472b._.js:5969:16)
    at updateMemoComponent (http://localhost:3000/_next/static/chunks/e1fc4_next_dist_compiled_react-dom_6a5c472b._.js:5944:302)
    at beginWork (http://localhost:3000/_next/static/chunks/e1fc4_next_dist_compiled_react-dom_6a5c472b._.js:6789:24)
    at runWithFiberInDEV (http://localhost:3000/_next/static/chunks/e1fc4_next_dist_compiled_react-dom_6a5c472b._.js:959:74)
    at performUnitOfWork (http://localhost:3000/_next/static/chunks/e1fc4_next_dist_compiled_react-dom_6a5c472b._.js:9556:97)
    at workLoopSync (http://localhost:3000/_next/static/chunks/e1fc4_next_dist_compiled_react-dom_6a5c472b._.js:9450:40)
    at renderRootSync (http://localhost:3000/_next/static/chunks/e1fc4_next_dist_compiled_react-dom_6a5c472b._.js:9434:13)
    at performWorkOnRoot (http://localhost:3000/_next/static/chunks/e1fc4_next_dist_compiled_react-dom_6a5c472b._.js:9099:47)
    at performSyncWorkOnRoot (http://localhost:3000/_next/static/chunks/e1fc4_next_dist_compiled_react-dom_6a5c472b._.js:10232:9)
    at flushSyncWorkAcrossRoots_impl (http://localhost:3000/_next/static/chunks/e1fc4_next_dist_compiled_react-dom_6a5c472b._.js:10148:316)
    at flushSyncWork$1 (http://localhost:3000/_next/static/chunks/e1fc4_next_dist_compiled_react-dom_6a5c472b._.js:9231:86)
    at Object.scheduleRefresh (http://localhost:3000/_next/static/chunks/e1fc4_next_dist_compiled_react-dom_6a5c472b._.js:294:13)
    at http://localhost:3000/_next/static/chunks/e1fc4_next_dist_compiled_215bdc5d._.js:391:33
    at Set.forEach (<anonymous>)
    at Object.performReactRefresh (http://localhost:3000/_next/static/chunks/e1fc4_next_dist_compiled_215bdc5d._.js:384:38)
    at applyUpdate (http://localhost:3000/_next/static/chunks/e1fc4_next_dist_compiled_215bdc5d._.js:878:31)
    at http://localhost:3000/_next/static/chunks/e1fc4_next_dist_compiled_215bdc5d._.js:886:13 The above error occurred in the <TodoFiltersBar> component. It was handled by the <ErrorBoundary> error boundary. @ http://localhost:3000/_next/static/chunks/e1fc4_next_dist_client_3aad6c1b._.js:1294
[ 1078429ms] [ERROR] [ERROR] ErrorBoundary caught an error Error: showMoreDropdown is not defined
    at TodoFiltersBar (http://localhost:3000/_next/static/chunks/shared-todo-list_src_components_todo_10a0740b._.js?id=%255Bproject%255D%252Fshared-todo-list%252Fsrc%252Fcomponents%252Ftodo%252FTodoFiltersBar.tsx+%255Bapp-client%255D+%2528ecmascript%2529:115:9)
    at Object.react_stack_bottom_frame (http://localhost:3000/_next/static/chunks/e1fc4_next_dist_compiled_react-dom_6a5c472b._.js:14816:24)
    at renderWithHooks (http://localhost:3000/_next/static/chunks/e1fc4_next_dist_compiled_react-dom_6a5c472b._.js:4645:24)
    at updateFunctionComponent (http://localhost:3000/_next/static/chunks/e1fc4_next_dist_compiled_react-dom_6a5c472b._.js:6106:21)
    at updateSimpleMemoComponent (http://localhost:3000/_next/static/chunks/e1fc4_next_dist_compiled_react-dom_6a5c472b._.js:5969:16)
    at updateMemoComponent (http://localhost:3000/_next/static/chunks/e1fc4_next_dist_compiled_react-dom_6a5c472b._.js:5944:302)
    at beginWork (http://localhost:3000/_next/static/chunks/e1fc4_next_dist_compiled_react-dom_6a5c472b._.js:6789:24)
    at runWithFiberInDEV (http://localhost:3000/_next/static/chunks/e1fc4_next_dist_compiled_react-dom_6a5c472b._.js:959:74)
    at performUnitOfWork (http://localhost:3000/_next/static/chunks/e1fc4_next_dist_compiled_react-dom_6a5c472b._.js:9556:97)
    at workLoopSync (http://localhost:3000/_next/static/chunks/e1fc4_next_dist_compiled_react-dom_6a5c472b._.js:9450:40)
    at renderRootSync (http://localhost:3000/_next/static/chunks/e1fc4_next_dist_compiled_react-dom_6a5c472b._.js:9434:13)
    at performWorkOnRoot (http://localhost:3000/_next/static/chunks/e1fc4_next_dist_compiled_react-dom_6a5c472b._.js:9099:47)
    at performSyncWorkOnRoot (http://localhost:3000/_next/static/chunks/e1fc4_next_dist_compiled_react-dom_6a5c472b._.js:10232:9)
    at flushSyncWorkAcrossRoots_impl (http://localhost:3000/_next/static/chunks/e1fc4_next_dist_compiled_react-dom_6a5c472b._.js:10148:316)
    at flushSyncWork$1 (http://localhost:3000/_next/static/chunks/e1fc4_next_dist_compiled_react-dom_6a5c472b._.js:9231:86)
    at Object.scheduleRefresh (http://localhost:3000/_next/static/chunks/e1fc4_next_dist_compiled_react-dom_6a5c472b._.js:294:13)
    at http://localhost:3000/_next/static/chunks/e1fc4_next_dist_compiled_215bdc5d._.js:391:33
    at Set.forEach (<anonymous>)
    at Object.performReactRefresh (http://localhost:3000/_next/static/chunks/e1fc4_next_dist_compiled_215bdc5d._.js:384:38)
    at applyUpdate (http://localhost:3000/_next/static/chunks/e1fc4_next_dist_compiled_215bdc5d._.js:878:31)
    at http://localhost:3000/_next/static/chunks/e1fc4_next_dist_compiled_215bdc5d._.js:886:13 {component: ErrorBoundary, action: componentDidCatch, componentStack: 
    at TodoFiltersBar (http://localhost:3000/_nex…ks/e1fc4_next_dist_client_3aad6c1b._.js:12983:17)} @ http://localhost:3000/_next/static/chunks/e1fc4_next_dist_ca2f7e60._.js:3117
[ 1103890ms] [ERROR] %o

%s ReferenceError: showMoreDropdown is not defined
    at TodoFiltersBar (http://localhost:3000/_next/static/chunks/shared-todo-list_src_components_todo_10a0740b._.js?id=%255Bproject%255D%252Fshared-todo-list%252Fsrc%252Fcomponents%252Ftodo%252FTodoFiltersBar.tsx+%255Bapp-client%255D+%2528ecmascript%2529:113:9)
    at Object.react_stack_bottom_frame (http://localhost:3000/_next/static/chunks/e1fc4_next_dist_compiled_react-dom_6a5c472b._.js:14816:24)
    at renderWithHooks (http://localhost:3000/_next/static/chunks/e1fc4_next_dist_compiled_react-dom_6a5c472b._.js:4645:24)
    at updateFunctionComponent (http://localhost:3000/_next/static/chunks/e1fc4_next_dist_compiled_react-dom_6a5c472b._.js:6106:21)
    at updateSimpleMemoComponent (http://localhost:3000/_next/static/chunks/e1fc4_next_dist_compiled_react-dom_6a5c472b._.js:5969:16)
    at updateMemoComponent (http://localhost:3000/_next/static/chunks/e1fc4_next_dist_compiled_react-dom_6a5c472b._.js:5944:302)
    at beginWork (http://localhost:3000/_next/static/chunks/e1fc4_next_dist_compiled_react-dom_6a5c472b._.js:6789:24)
    at runWithFiberInDEV (http://localhost:3000/_next/static/chunks/e1fc4_next_dist_compiled_react-dom_6a5c472b._.js:959:74)
    at performUnitOfWork (http://localhost:3000/_next/static/chunks/e1fc4_next_dist_compiled_react-dom_6a5c472b._.js:9556:97)
    at workLoopSync (http://localhost:3000/_next/static/chunks/e1fc4_next_dist_compiled_react-dom_6a5c472b._.js:9450:40)
    at renderRootSync (http://localhost:3000/_next/static/chunks/e1fc4_next_dist_compiled_react-dom_6a5c472b._.js:9434:13)
    at performWorkOnRoot (http://localhost:3000/_next/static/chunks/e1fc4_next_dist_compiled_react-dom_6a5c472b._.js:9099:47)
    at performSyncWorkOnRoot (http://localhost:3000/_next/static/chunks/e1fc4_next_dist_compiled_react-dom_6a5c472b._.js:10232:9)
    at flushSyncWorkAcrossRoots_impl (http://localhost:3000/_next/static/chunks/e1fc4_next_dist_compiled_react-dom_6a5c472b._.js:10148:316)
    at flushSyncWork$1 (http://localhost:3000/_next/static/chunks/e1fc4_next_dist_compiled_react-dom_6a5c472b._.js:9231:86)
    at Object.scheduleRefresh (http://localhost:3000/_next/static/chunks/e1fc4_next_dist_compiled_react-dom_6a5c472b._.js:294:13)
    at http://localhost:3000/_next/static/chunks/e1fc4_next_dist_compiled_215bdc5d._.js:391:33
    at Set.forEach (<anonymous>)
    at Object.performReactRefresh (http://localhost:3000/_next/static/chunks/e1fc4_next_dist_compiled_215bdc5d._.js:384:38)
    at applyUpdate (http://localhost:3000/_next/static/chunks/e1fc4_next_dist_compiled_215bdc5d._.js:878:31)
    at http://localhost:3000/_next/static/chunks/e1fc4_next_dist_compiled_215bdc5d._.js:886:13 The above error occurred in the <TodoFiltersBar> component. It was handled by the <ErrorBoundary> error boundary. @ http://localhost:3000/_next/static/chunks/e1fc4_next_dist_client_3aad6c1b._.js:1294
[ 1103891ms] [ERROR] [ERROR] ErrorBoundary caught an error Error: showMoreDropdown is not defined
    at TodoFiltersBar (http://localhost:3000/_next/static/chunks/shared-todo-list_src_components_todo_10a0740b._.js?id=%255Bproject%255D%252Fshared-todo-list%252Fsrc%252Fcomponents%252Ftodo%252FTodoFiltersBar.tsx+%255Bapp-client%255D+%2528ecmascript%2529:113:9)
    at Object.react_stack_bottom_frame (http://localhost:3000/_next/static/chunks/e1fc4_next_dist_compiled_react-dom_6a5c472b._.js:14816:24)
    at renderWithHooks (http://localhost:3000/_next/static/chunks/e1fc4_next_dist_compiled_react-dom_6a5c472b._.js:4645:24)
    at updateFunctionComponent (http://localhost:3000/_next/static/chunks/e1fc4_next_dist_compiled_react-dom_6a5c472b._.js:6106:21)
    at updateSimpleMemoComponent (http://localhost:3000/_next/static/chunks/e1fc4_next_dist_compiled_react-dom_6a5c472b._.js:5969:16)
    at updateMemoComponent (http://localhost:3000/_next/static/chunks/e1fc4_next_dist_compiled_react-dom_6a5c472b._.js:5944:302)
    at beginWork (http://localhost:3000/_next/static/chunks/e1fc4_next_dist_compiled_react-dom_6a5c472b._.js:6789:24)
    at runWithFiberInDEV (http://localhost:3000/_next/static/chunks/e1fc4_next_dist_compiled_react-dom_6a5c472b._.js:959:74)
    at performUnitOfWork (http://localhost:3000/_next/static/chunks/e1fc4_next_dist_compiled_react-dom_6a5c472b._.js:9556:97)
    at workLoopSync (http://localhost:3000/_next/static/chunks/e1fc4_next_dist_compiled_react-dom_6a5c472b._.js:9450:40)
    at renderRootSync (http://localhost:3000/_next/static/chunks/e1fc4_next_dist_compiled_react-dom_6a5c472b._.js:9434:13)
    at performWorkOnRoot (http://localhost:3000/_next/static/chunks/e1fc4_next_dist_compiled_react-dom_6a5c472b._.js:9099:47)
    at performSyncWorkOnRoot (http://localhost:3000/_next/static/chunks/e1fc4_next_dist_compiled_react-dom_6a5c472b._.js:10232:9)
    at flushSyncWorkAcrossRoots_impl (http://localhost:3000/_next/static/chunks/e1fc4_next_dist_compiled_react-dom_6a5c472b._.js:10148:316)
    at flushSyncWork$1 (http://localhost:3000/_next/static/chunks/e1fc4_next_dist_compiled_react-dom_6a5c472b._.js:9231:86)
    at Object.scheduleRefresh (http://localhost:3000/_next/static/chunks/e1fc4_next_dist_compiled_react-dom_6a5c472b._.js:294:13)
    at http://localhost:3000/_next/static/chunks/e1fc4_next_dist_compiled_215bdc5d._.js:391:33
    at Set.forEach (<anonymous>)
    at Object.performReactRefresh (http://localhost:3000/_next/static/chunks/e1fc4_next_dist_compiled_215bdc5d._.js:384:38)
    at applyUpdate (http://localhost:3000/_next/static/chunks/e1fc4_next_dist_compiled_215bdc5d._.js:878:31)
    at http://localhost:3000/_next/static/chunks/e1fc4_next_dist_compiled_215bdc5d._.js:886:13 {component: ErrorBoundary, action: componentDidCatch, componentStack: 
    at TodoFiltersBar (http://localhost:3000/_nex…ks/e1fc4_next_dist_client_3aad6c1b._.js:12983:17)} @ http://localhost:3000/_next/static/chunks/e1fc4_next_dist_ca2f7e60._.js:3117
