[  112955ms] [ERROR] Failed to load resource: the server responded with a status of 400 () @ https://bzjssogezdnybbenqygq.supabase.co/rest/v1/messages:0
[  112956ms] [ERROR] [ERROR] Failed to send task completion notification Error: [object Object]
    at Logger.error (http://localhost:3000/_next/static/chunks/shared-todo-list_src_d67f33a0._.js:4775:59)
    at sendTaskCompletionNotification (http://localhost:3000/_next/static/chunks/shared-todo-list_src_lib_8467a3fc._.js:1247:169) {component: taskNotifications, action: sendTaskCompletionNotification, taskId: c00e949b-a1ab-4830-b5df-a704d918281c, completedBy: Derrick} @ http://localhost:3000/_next/static/chunks/e1fc4_next_dist_ca2f7e60._.js:3117
[  164795ms] [ERROR] Failed to load resource: the server responded with a status of 403 (Forbidden) @ http://localhost:3000/api/todos?id=25fc9547-b3a7-48d2-8a24-04c5ffcc3c70:0
[  164801ms] [ERROR] Failed to load resource: the server responded with a status of 403 (Forbidden) @ http://localhost:3000/api/todos?id=c00e949b-a1ab-4830-b5df-a704d918281c:0
[ 3981753ms] [ERROR] WebSocket connection to 'ws://localhost:3000/_next/webpack-hmr?id=YpyhwXqZ28FFnS9lkfk2r' failed: Error in connection establishment: net::ERR_CONNECTION_REFUSED @ http://localhost:3000/_next/static/chunks/e1fc4_next_dist_client_3aad6c1b._.js:10116
[ 3982756ms] [ERROR] WebSocket connection to 'ws://localhost:3000/_next/webpack-hmr?id=YpyhwXqZ28FFnS9lkfk2r' failed: Error in connection establishment: net::ERR_CONNECTION_REFUSED @ http://localhost:3000/_next/static/chunks/e1fc4_next_dist_client_3aad6c1b._.js:10116
[ 3983757ms] [ERROR] WebSocket connection to 'ws://localhost:3000/_next/webpack-hmr?id=YpyhwXqZ28FFnS9lkfk2r' failed: Error in connection establishment: net::ERR_CONNECTION_REFUSED @ http://localhost:3000/_next/static/chunks/e1fc4_next_dist_client_3aad6c1b._.js:10116
[ 3984759ms] [ERROR] WebSocket connection to 'ws://localhost:3000/_next/webpack-hmr?id=YpyhwXqZ28FFnS9lkfk2r' failed: Error in connection establishment: net::ERR_CONNECTION_REFUSED @ http://localhost:3000/_next/static/chunks/e1fc4_next_dist_client_3aad6c1b._.js:10116
[ 3985761ms] [ERROR] WebSocket connection to 'ws://localhost:3000/_next/webpack-hmr?id=YpyhwXqZ28FFnS9lkfk2r' failed: Error in connection establishment: net::ERR_CONNECTION_REFUSED @ http://localhost:3000/_next/static/chunks/e1fc4_next_dist_client_3aad6c1b._.js:10116
[ 3990768ms] [ERROR] WebSocket connection to 'ws://localhost:3000/_next/webpack-hmr?id=YpyhwXqZ28FFnS9lkfk2r' failed: Error in connection establishment: net::ERR_CONNECTION_REFUSED @ http://localhost:3000/_next/static/chunks/e1fc4_next_dist_client_3aad6c1b._.js:10116
[ 3995774ms] [ERROR] WebSocket connection to 'ws://localhost:3000/_next/webpack-hmr?id=YpyhwXqZ28FFnS9lkfk2r' failed: Error in connection establishment: net::ERR_CONNECTION_REFUSED @ http://localhost:3000/_next/static/chunks/e1fc4_next_dist_client_3aad6c1b._.js:10116
[ 4000786ms] [ERROR] WebSocket connection to 'ws://localhost:3000/_next/webpack-hmr?id=YpyhwXqZ28FFnS9lkfk2r' failed: Error in connection establishment: net::ERR_CONNECTION_REFUSED @ http://localhost:3000/_next/static/chunks/e1fc4_next_dist_client_3aad6c1b._.js:10116
[ 4005824ms] [ERROR] WebSocket connection to 'ws://localhost:3000/_next/webpack-hmr?id=YpyhwXqZ28FFnS9lkfk2r' failed: Error in connection establishment: net::ERR_CONNECTION_REFUSED @ http://localhost:3000/_next/static/chunks/e1fc4_next_dist_client_3aad6c1b._.js:10116
[ 4010892ms] [ERROR] WebSocket connection to 'ws://localhost:3000/_next/webpack-hmr?id=YpyhwXqZ28FFnS9lkfk2r' failed: Error in connection establishment: net::ERR_CONNECTION_REFUSED @ http://localhost:3000/_next/static/chunks/e1fc4_next_dist_client_3aad6c1b._.js:10116
[ 4016018ms] [ERROR] WebSocket connection to 'ws://localhost:3000/_next/webpack-hmr?id=YpyhwXqZ28FFnS9lkfk2r' failed: Error in connection establishment: net::ERR_CONNECTION_REFUSED @ http://localhost:3000/_next/static/chunks/e1fc4_next_dist_client_3aad6c1b._.js:10116
[ 4021302ms] [ERROR] WebSocket connection to 'ws://localhost:3000/_next/webpack-hmr?id=YpyhwXqZ28FFnS9lkfk2r' failed: Error in connection establishment: net::ERR_CONNECTION_REFUSED @ http://localhost:3000/_next/static/chunks/e1fc4_next_dist_client_3aad6c1b._.js:10116
[ 4067551ms] [ERROR] WebSocket connection to 'ws://localhost:3000/_next/webpack-hmr?id=ztKqBiP83OfVZWbLEWn2A' failed: Error in connection establishment: net::ERR_CONNECTION_REFUSED @ http://localhost:3000/_next/static/chunks/e1fc4_next_dist_client_3aad6c1b._.js:10116
[ 4068554ms] [ERROR] WebSocket connection to 'ws://localhost:3000/_next/webpack-hmr?id=ztKqBiP83OfVZWbLEWn2A' failed: Error in connection establishment: net::ERR_CONNECTION_REFUSED @ http://localhost:3000/_next/static/chunks/e1fc4_next_dist_client_3aad6c1b._.js:10116
[ 4069556ms] [ERROR] WebSocket connection to 'ws://localhost:3000/_next/webpack-hmr?id=ztKqBiP83OfVZWbLEWn2A' failed: Error in connection establishment: net::ERR_CONNECTION_REFUSED @ http://localhost:3000/_next/static/chunks/e1fc4_next_dist_client_3aad6c1b._.js:10116
[ 4070558ms] [ERROR] WebSocket connection to 'ws://localhost:3000/_next/webpack-hmr?id=ztKqBiP83OfVZWbLEWn2A' failed: Error in connection establishment: net::ERR_CONNECTION_REFUSED @ http://localhost:3000/_next/static/chunks/e1fc4_next_dist_client_3aad6c1b._.js:10116
[ 4071560ms] [ERROR] WebSocket connection to 'ws://localhost:3000/_next/webpack-hmr?id=ztKqBiP83OfVZWbLEWn2A' failed: Error in connection establishment: net::ERR_CONNECTION_REFUSED @ http://localhost:3000/_next/static/chunks/e1fc4_next_dist_client_3aad6c1b._.js:10116
[ 4076563ms] [ERROR] WebSocket connection to 'ws://localhost:3000/_next/webpack-hmr?id=ztKqBiP83OfVZWbLEWn2A' failed: Error in connection establishment: net::ERR_CONNECTION_REFUSED @ http://localhost:3000/_next/static/chunks/e1fc4_next_dist_client_3aad6c1b._.js:10116
[ 4081566ms] [ERROR] WebSocket connection to 'ws://localhost:3000/_next/webpack-hmr?id=ztKqBiP83OfVZWbLEWn2A' failed: Error in connection establishment: net::ERR_CONNECTION_REFUSED @ http://localhost:3000/_next/static/chunks/e1fc4_next_dist_client_3aad6c1b._.js:10116
[ 4086568ms] [ERROR] WebSocket connection to 'ws://localhost:3000/_next/webpack-hmr?id=ztKqBiP83OfVZWbLEWn2A' failed: Error in connection establishment: net::ERR_CONNECTION_REFUSED @ http://localhost:3000/_next/static/chunks/e1fc4_next_dist_client_3aad6c1b._.js:10116
[ 4091571ms] [ERROR] WebSocket connection to 'ws://localhost:3000/_next/webpack-hmr?id=ztKqBiP83OfVZWbLEWn2A' failed: Error in connection establishment: net::ERR_CONNECTION_REFUSED @ http://localhost:3000/_next/static/chunks/e1fc4_next_dist_client_3aad6c1b._.js:10116
[ 4096575ms] [ERROR] WebSocket connection to 'ws://localhost:3000/_next/webpack-hmr?id=ztKqBiP83OfVZWbLEWn2A' failed: Error in connection establishment: net::ERR_CONNECTION_REFUSED @ http://localhost:3000/_next/static/chunks/e1fc4_next_dist_client_3aad6c1b._.js:10116
[ 4101577ms] [ERROR] WebSocket connection to 'ws://localhost:3000/_next/webpack-hmr?id=ztKqBiP83OfVZWbLEWn2A' failed: Error in connection establishment: net::ERR_CONNECTION_REFUSED @ http://localhost:3000/_next/static/chunks/e1fc4_next_dist_client_3aad6c1b._.js:10116
[ 4106580ms] [ERROR] WebSocket connection to 'ws://localhost:3000/_next/webpack-hmr?id=ztKqBiP83OfVZWbLEWn2A' failed: Error in connection establishment: net::ERR_CONNECTION_REFUSED @ http://localhost:3000/_next/static/chunks/e1fc4_next_dist_client_3aad6c1b._.js:10116
[ 4228081ms] [ERROR] WebSocket connection to 'ws://localhost:3000/_next/webpack-hmr?id=LrKZpWHdFE_9B_uizg4_0' failed: Error in connection establishment: net::ERR_CONNECTION_REFUSED @ http://localhost:3000/_next/static/chunks/e1fc4_next_dist_client_3aad6c1b._.js:10116
[ 4229084ms] [ERROR] WebSocket connection to 'ws://localhost:3000/_next/webpack-hmr?id=LrKZpWHdFE_9B_uizg4_0' failed: Error in connection establishment: net::ERR_CONNECTION_REFUSED @ http://localhost:3000/_next/static/chunks/e1fc4_next_dist_client_3aad6c1b._.js:10116
[ 4230086ms] [ERROR] WebSocket connection to 'ws://localhost:3000/_next/webpack-hmr?id=LrKZpWHdFE_9B_uizg4_0' failed: Error in connection establishment: net::ERR_CONNECTION_REFUSED @ http://localhost:3000/_next/static/chunks/e1fc4_next_dist_client_3aad6c1b._.js:10116
[ 4231087ms] [ERROR] WebSocket connection to 'ws://localhost:3000/_next/webpack-hmr?id=LrKZpWHdFE_9B_uizg4_0' failed: Error in connection establishment: net::ERR_CONNECTION_REFUSED @ http://localhost:3000/_next/static/chunks/e1fc4_next_dist_client_3aad6c1b._.js:10116
[ 4232089ms] [ERROR] WebSocket connection to 'ws://localhost:3000/_next/webpack-hmr?id=LrKZpWHdFE_9B_uizg4_0' failed: Error in connection establishment: net::ERR_CONNECTION_REFUSED @ http://localhost:3000/_next/static/chunks/e1fc4_next_dist_client_3aad6c1b._.js:10116
[ 4298868ms] [ERROR] WebSocket connection to 'ws://localhost:3000/_next/webpack-hmr?id=RRzp_NzBNwPZr5LEkU4wc' failed: Error in connection establishment: net::ERR_CONNECTION_REFUSED @ http://localhost:3000/_next/static/chunks/e1fc4_next_dist_client_3aad6c1b._.js:10116
[ 4299870ms] [ERROR] WebSocket connection to 'ws://localhost:3000/_next/webpack-hmr?id=RRzp_NzBNwPZr5LEkU4wc' failed: Error in connection establishment: net::ERR_CONNECTION_REFUSED @ http://localhost:3000/_next/static/chunks/e1fc4_next_dist_client_3aad6c1b._.js:10116
[ 4300872ms] [ERROR] WebSocket connection to 'ws://localhost:3000/_next/webpack-hmr?id=RRzp_NzBNwPZr5LEkU4wc' failed: Error in connection establishment: net::ERR_CONNECTION_REFUSED @ http://localhost:3000/_next/static/chunks/e1fc4_next_dist_client_3aad6c1b._.js:10116
[ 4301875ms] [ERROR] WebSocket connection to 'ws://localhost:3000/_next/webpack-hmr?id=RRzp_NzBNwPZr5LEkU4wc' failed: Error in connection establishment: net::ERR_CONNECTION_REFUSED @ http://localhost:3000/_next/static/chunks/e1fc4_next_dist_client_3aad6c1b._.js:10116
[ 4302878ms] [ERROR] WebSocket connection to 'ws://localhost:3000/_next/webpack-hmr?id=RRzp_NzBNwPZr5LEkU4wc' failed: Error in connection establishment: net::ERR_CONNECTION_REFUSED @ http://localhost:3000/_next/static/chunks/e1fc4_next_dist_client_3aad6c1b._.js:10116
[ 4307880ms] [ERROR] WebSocket connection to 'ws://localhost:3000/_next/webpack-hmr?id=RRzp_NzBNwPZr5LEkU4wc' failed: Error in connection establishment: net::ERR_CONNECTION_REFUSED @ http://localhost:3000/_next/static/chunks/e1fc4_next_dist_client_3aad6c1b._.js:10116
[ 4312883ms] [ERROR] WebSocket connection to 'ws://localhost:3000/_next/webpack-hmr?id=RRzp_NzBNwPZr5LEkU4wc' failed: Error in connection establishment: net::ERR_CONNECTION_REFUSED @ http://localhost:3000/_next/static/chunks/e1fc4_next_dist_client_3aad6c1b._.js:10116
[ 4317886ms] [ERROR] WebSocket connection to 'ws://localhost:3000/_next/webpack-hmr?id=RRzp_NzBNwPZr5LEkU4wc' failed: Error in connection establishment: net::ERR_CONNECTION_REFUSED @ http://localhost:3000/_next/static/chunks/e1fc4_next_dist_client_3aad6c1b._.js:10116
[ 4322889ms] [ERROR] WebSocket connection to 'ws://localhost:3000/_next/webpack-hmr?id=RRzp_NzBNwPZr5LEkU4wc' failed: Error in connection establishment: net::ERR_CONNECTION_REFUSED @ http://localhost:3000/_next/static/chunks/e1fc4_next_dist_client_3aad6c1b._.js:10116
[ 4327892ms] [ERROR] WebSocket connection to 'ws://localhost:3000/_next/webpack-hmr?id=RRzp_NzBNwPZr5LEkU4wc' failed: Error in connection establishment: net::ERR_CONNECTION_REFUSED @ http://localhost:3000/_next/static/chunks/e1fc4_next_dist_client_3aad6c1b._.js:10116
[ 4394257ms] [ERROR] WebSocket connection to 'ws://localhost:3000/_next/webpack-hmr?id=c8RYJF7Ag7GRCkNbk9tOF' failed: Error in connection establishment: net::ERR_CONNECTION_REFUSED @ http://localhost:3000/_next/static/chunks/e1fc4_next_dist_client_3aad6c1b._.js:10116
[ 4395260ms] [ERROR] WebSocket connection to 'ws://localhost:3000/_next/webpack-hmr?id=c8RYJF7Ag7GRCkNbk9tOF' failed: Error in connection establishment: net::ERR_CONNECTION_REFUSED @ http://localhost:3000/_next/static/chunks/e1fc4_next_dist_client_3aad6c1b._.js:10116
[ 4396261ms] [ERROR] WebSocket connection to 'ws://localhost:3000/_next/webpack-hmr?id=c8RYJF7Ag7GRCkNbk9tOF' failed: Error in connection establishment: net::ERR_CONNECTION_REFUSED @ http://localhost:3000/_next/static/chunks/e1fc4_next_dist_client_3aad6c1b._.js:10116
[ 4397262ms] [ERROR] WebSocket connection to 'ws://localhost:3000/_next/webpack-hmr?id=c8RYJF7Ag7GRCkNbk9tOF' failed: Error in connection establishment: net::ERR_CONNECTION_REFUSED @ http://localhost:3000/_next/static/chunks/e1fc4_next_dist_client_3aad6c1b._.js:10116
[ 4398266ms] [ERROR] WebSocket connection to 'ws://localhost:3000/_next/webpack-hmr?id=c8RYJF7Ag7GRCkNbk9tOF' failed: Error in connection establishment: net::ERR_CONNECTION_REFUSED @ http://localhost:3000/_next/static/chunks/e1fc4_next_dist_client_3aad6c1b._.js:10116
[ 4403268ms] [ERROR] WebSocket connection to 'ws://localhost:3000/_next/webpack-hmr?id=c8RYJF7Ag7GRCkNbk9tOF' failed: Error in connection establishment: net::ERR_CONNECTION_REFUSED @ http://localhost:3000/_next/static/chunks/e1fc4_next_dist_client_3aad6c1b._.js:10116
[ 4408270ms] [ERROR] WebSocket connection to 'ws://localhost:3000/_next/webpack-hmr?id=c8RYJF7Ag7GRCkNbk9tOF' failed: Error in connection establishment: net::ERR_CONNECTION_REFUSED @ http://localhost:3000/_next/static/chunks/e1fc4_next_dist_client_3aad6c1b._.js:10116
[ 4413273ms] [ERROR] WebSocket connection to 'ws://localhost:3000/_next/webpack-hmr?id=c8RYJF7Ag7GRCkNbk9tOF' failed: Error in connection establishment: net::ERR_CONNECTION_REFUSED @ http://localhost:3000/_next/static/chunks/e1fc4_next_dist_client_3aad6c1b._.js:10116
[ 4418276ms] [ERROR] WebSocket connection to 'ws://localhost:3000/_next/webpack-hmr?id=c8RYJF7Ag7GRCkNbk9tOF' failed: Error in connection establishment: net::ERR_CONNECTION_REFUSED @ http://localhost:3000/_next/static/chunks/e1fc4_next_dist_client_3aad6c1b._.js:10116
[ 4423279ms] [ERROR] WebSocket connection to 'ws://localhost:3000/_next/webpack-hmr?id=c8RYJF7Ag7GRCkNbk9tOF' failed: Error in connection establishment: net::ERR_CONNECTION_REFUSED @ http://localhost:3000/_next/static/chunks/e1fc4_next_dist_client_3aad6c1b._.js:10116
[ 4505944ms] [ERROR] WebSocket connection to 'ws://localhost:3000/_next/webpack-hmr?id=HjpDCwNerx6ypGAK6_Yfa' failed: Error in connection establishment: net::ERR_CONNECTION_REFUSED @ http://localhost:3000/_next/static/chunks/e1fc4_next_dist_client_3aad6c1b._.js:10116
[ 4506947ms] [ERROR] WebSocket connection to 'ws://localhost:3000/_next/webpack-hmr?id=HjpDCwNerx6ypGAK6_Yfa' failed: Error in connection establishment: net::ERR_CONNECTION_REFUSED @ http://localhost:3000/_next/static/chunks/e1fc4_next_dist_client_3aad6c1b._.js:10116
[ 4507949ms] [ERROR] WebSocket connection to 'ws://localhost:3000/_next/webpack-hmr?id=HjpDCwNerx6ypGAK6_Yfa' failed: Error in connection establishment: net::ERR_CONNECTION_REFUSED @ http://localhost:3000/_next/static/chunks/e1fc4_next_dist_client_3aad6c1b._.js:10116
[ 4508951ms] [ERROR] WebSocket connection to 'ws://localhost:3000/_next/webpack-hmr?id=HjpDCwNerx6ypGAK6_Yfa' failed: Error in connection establishment: net::ERR_CONNECTION_REFUSED @ http://localhost:3000/_next/static/chunks/e1fc4_next_dist_client_3aad6c1b._.js:10116
[ 4509954ms] [ERROR] WebSocket connection to 'ws://localhost:3000/_next/webpack-hmr?id=HjpDCwNerx6ypGAK6_Yfa' failed: Error in connection establishment: net::ERR_CONNECTION_REFUSED @ http://localhost:3000/_next/static/chunks/e1fc4_next_dist_client_3aad6c1b._.js:10116
[ 4514956ms] [ERROR] WebSocket connection to 'ws://localhost:3000/_next/webpack-hmr?id=HjpDCwNerx6ypGAK6_Yfa' failed: Error in connection establishment: net::ERR_CONNECTION_REFUSED @ http://localhost:3000/_next/static/chunks/e1fc4_next_dist_client_3aad6c1b._.js:10116
[ 4519958ms] [ERROR] WebSocket connection to 'ws://localhost:3000/_next/webpack-hmr?id=HjpDCwNerx6ypGAK6_Yfa' failed: Error in connection establishment: net::ERR_CONNECTION_REFUSED @ http://localhost:3000/_next/static/chunks/e1fc4_next_dist_client_3aad6c1b._.js:10116
[ 4524961ms] [ERROR] WebSocket connection to 'ws://localhost:3000/_next/webpack-hmr?id=HjpDCwNerx6ypGAK6_Yfa' failed: Error in connection establishment: net::ERR_CONNECTION_REFUSED @ http://localhost:3000/_next/static/chunks/e1fc4_next_dist_client_3aad6c1b._.js:10116
[ 4529965ms] [ERROR] WebSocket connection to 'ws://localhost:3000/_next/webpack-hmr?id=HjpDCwNerx6ypGAK6_Yfa' failed: Error in connection establishment: net::ERR_CONNECTION_REFUSED @ http://localhost:3000/_next/static/chunks/e1fc4_next_dist_client_3aad6c1b._.js:10116
[ 4534968ms] [ERROR] WebSocket connection to 'ws://localhost:3000/_next/webpack-hmr?id=HjpDCwNerx6ypGAK6_Yfa' failed: Error in connection establishment: net::ERR_CONNECTION_REFUSED @ http://localhost:3000/_next/static/chunks/e1fc4_next_dist_client_3aad6c1b._.js:10116
[ 4597963ms] [ERROR] WebSocket connection to 'ws://localhost:3000/_next/webpack-hmr?id=wgTE7-6gYlxgatlnA3lXG' failed: Error in connection establishment: net::ERR_CONNECTION_REFUSED @ http://localhost:3000/_next/static/chunks/e1fc4_next_dist_client_3aad6c1b._.js:10116
[ 4598966ms] [ERROR] WebSocket connection to 'ws://localhost:3000/_next/webpack-hmr?id=wgTE7-6gYlxgatlnA3lXG' failed: Error in connection establishment: net::ERR_CONNECTION_REFUSED @ http://localhost:3000/_next/static/chunks/e1fc4_next_dist_client_3aad6c1b._.js:10116
[ 4599970ms] [ERROR] WebSocket connection to 'ws://localhost:3000/_next/webpack-hmr?id=wgTE7-6gYlxgatlnA3lXG' failed: Error in connection establishment: net::ERR_CONNECTION_REFUSED @ http://localhost:3000/_next/static/chunks/e1fc4_next_dist_client_3aad6c1b._.js:10116
[ 4600972ms] [ERROR] WebSocket connection to 'ws://localhost:3000/_next/webpack-hmr?id=wgTE7-6gYlxgatlnA3lXG' failed: Error in connection establishment: net::ERR_CONNECTION_REFUSED @ http://localhost:3000/_next/static/chunks/e1fc4_next_dist_client_3aad6c1b._.js:10116
[ 4601975ms] [ERROR] WebSocket connection to 'ws://localhost:3000/_next/webpack-hmr?id=wgTE7-6gYlxgatlnA3lXG' failed: Error in connection establishment: net::ERR_CONNECTION_REFUSED @ http://localhost:3000/_next/static/chunks/e1fc4_next_dist_client_3aad6c1b._.js:10116
[ 4606979ms] [ERROR] WebSocket connection to 'ws://localhost:3000/_next/webpack-hmr?id=wgTE7-6gYlxgatlnA3lXG' failed: Error in connection establishment: net::ERR_CONNECTION_REFUSED @ http://localhost:3000/_next/static/chunks/e1fc4_next_dist_client_3aad6c1b._.js:10116
[ 4611982ms] [ERROR] WebSocket connection to 'ws://localhost:3000/_next/webpack-hmr?id=wgTE7-6gYlxgatlnA3lXG' failed: Error in connection establishment: net::ERR_CONNECTION_REFUSED @ http://localhost:3000/_next/static/chunks/e1fc4_next_dist_client_3aad6c1b._.js:10116
[ 4616988ms] [ERROR] WebSocket connection to 'ws://localhost:3000/_next/webpack-hmr?id=wgTE7-6gYlxgatlnA3lXG' failed: Error in connection establishment: net::ERR_CONNECTION_REFUSED @ http://localhost:3000/_next/static/chunks/e1fc4_next_dist_client_3aad6c1b._.js:10116
[ 4621992ms] [ERROR] WebSocket connection to 'ws://localhost:3000/_next/webpack-hmr?id=wgTE7-6gYlxgatlnA3lXG' failed: Error in connection establishment: net::ERR_CONNECTION_REFUSED @ http://localhost:3000/_next/static/chunks/e1fc4_next_dist_client_3aad6c1b._.js:10116
[ 4626997ms] [ERROR] WebSocket connection to 'ws://localhost:3000/_next/webpack-hmr?id=wgTE7-6gYlxgatlnA3lXG' failed: Error in connection establishment: net::ERR_CONNECTION_REFUSED @ http://localhost:3000/_next/static/chunks/e1fc4_next_dist_client_3aad6c1b._.js:10116
[ 4632003ms] [ERROR] WebSocket connection to 'ws://localhost:3000/_next/webpack-hmr?id=wgTE7-6gYlxgatlnA3lXG' failed: Error in connection establishment: net::ERR_CONNECTION_REFUSED @ http://localhost:3000/_next/static/chunks/e1fc4_next_dist_client_3aad6c1b._.js:10116
[ 4637007ms] [ERROR] WebSocket connection to 'ws://localhost:3000/_next/webpack-hmr?id=wgTE7-6gYlxgatlnA3lXG' failed: Error in connection establishment: net::ERR_CONNECTION_REFUSED @ http://localhost:3000/_next/static/chunks/e1fc4_next_dist_client_3aad6c1b._.js:10116
[ 4703810ms] [ERROR] WebSocket connection to 'ws://localhost:3000/_next/webpack-hmr?id=Ef1m9oXRkd1w0SflSytft' failed: Error in connection establishment: net::ERR_CONNECTION_REFUSED @ http://localhost:3000/_next/static/chunks/e1fc4_next_dist_client_3aad6c1b._.js:10116
[ 4704812ms] [ERROR] WebSocket connection to 'ws://localhost:3000/_next/webpack-hmr?id=Ef1m9oXRkd1w0SflSytft' failed: Error in connection establishment: net::ERR_CONNECTION_REFUSED @ http://localhost:3000/_next/static/chunks/e1fc4_next_dist_client_3aad6c1b._.js:10116
[ 4705813ms] [ERROR] WebSocket connection to 'ws://localhost:3000/_next/webpack-hmr?id=Ef1m9oXRkd1w0SflSytft' failed: Error in connection establishment: net::ERR_CONNECTION_REFUSED @ http://localhost:3000/_next/static/chunks/e1fc4_next_dist_client_3aad6c1b._.js:10116
[ 4706815ms] [ERROR] WebSocket connection to 'ws://localhost:3000/_next/webpack-hmr?id=Ef1m9oXRkd1w0SflSytft' failed: Error in connection establishment: net::ERR_CONNECTION_REFUSED @ http://localhost:3000/_next/static/chunks/e1fc4_next_dist_client_3aad6c1b._.js:10116
[ 4707817ms] [ERROR] WebSocket connection to 'ws://localhost:3000/_next/webpack-hmr?id=Ef1m9oXRkd1w0SflSytft' failed: Error in connection establishment: net::ERR_CONNECTION_REFUSED @ http://localhost:3000/_next/static/chunks/e1fc4_next_dist_client_3aad6c1b._.js:10116
[ 4712820ms] [ERROR] WebSocket connection to 'ws://localhost:3000/_next/webpack-hmr?id=Ef1m9oXRkd1w0SflSytft' failed: Error in connection establishment: net::ERR_CONNECTION_REFUSED @ http://localhost:3000/_next/static/chunks/e1fc4_next_dist_client_3aad6c1b._.js:10116
[ 4717822ms] [ERROR] WebSocket connection to 'ws://localhost:3000/_next/webpack-hmr?id=Ef1m9oXRkd1w0SflSytft' failed: Error in connection establishment: net::ERR_CONNECTION_REFUSED @ http://localhost:3000/_next/static/chunks/e1fc4_next_dist_client_3aad6c1b._.js:10116
[ 4722824ms] [ERROR] WebSocket connection to 'ws://localhost:3000/_next/webpack-hmr?id=Ef1m9oXRkd1w0SflSytft' failed: Error in connection establishment: net::ERR_CONNECTION_REFUSED @ http://localhost:3000/_next/static/chunks/e1fc4_next_dist_client_3aad6c1b._.js:10116
[ 4727827ms] [ERROR] WebSocket connection to 'ws://localhost:3000/_next/webpack-hmr?id=Ef1m9oXRkd1w0SflSytft' failed: Error in connection establishment: net::ERR_CONNECTION_REFUSED @ http://localhost:3000/_next/static/chunks/e1fc4_next_dist_client_3aad6c1b._.js:10116
[ 4732829ms] [ERROR] WebSocket connection to 'ws://localhost:3000/_next/webpack-hmr?id=Ef1m9oXRkd1w0SflSytft' failed: Error in connection establishment: net::ERR_CONNECTION_REFUSED @ http://localhost:3000/_next/static/chunks/e1fc4_next_dist_client_3aad6c1b._.js:10116
[ 4737832ms] [ERROR] WebSocket connection to 'ws://localhost:3000/_next/webpack-hmr?id=Ef1m9oXRkd1w0SflSytft' failed: Error in connection establishment: net::ERR_CONNECTION_REFUSED @ http://localhost:3000/_next/static/chunks/e1fc4_next_dist_client_3aad6c1b._.js:10116
[ 4742835ms] [ERROR] WebSocket connection to 'ws://localhost:3000/_next/webpack-hmr?id=Ef1m9oXRkd1w0SflSytft' failed: Error in connection establishment: net::ERR_CONNECTION_REFUSED @ http://localhost:3000/_next/static/chunks/e1fc4_next_dist_client_3aad6c1b._.js:10116
[ 4821454ms] [ERROR] WebSocket connection to 'ws://localhost:3000/_next/webpack-hmr?id=FCL0Md2sOfAwnguEQNhhT' failed: Error in connection establishment: net::ERR_CONNECTION_REFUSED @ http://localhost:3000/_next/static/chunks/e1fc4_next_dist_client_3aad6c1b._.js:10116
[ 4822456ms] [ERROR] WebSocket connection to 'ws://localhost:3000/_next/webpack-hmr?id=FCL0Md2sOfAwnguEQNhhT' failed: Error in connection establishment: net::ERR_CONNECTION_REFUSED @ http://localhost:3000/_next/static/chunks/e1fc4_next_dist_client_3aad6c1b._.js:10116
[ 4823459ms] [ERROR] WebSocket connection to 'ws://localhost:3000/_next/webpack-hmr?id=FCL0Md2sOfAwnguEQNhhT' failed: Error in connection establishment: net::ERR_CONNECTION_REFUSED @ http://localhost:3000/_next/static/chunks/e1fc4_next_dist_client_3aad6c1b._.js:10116
[ 4824462ms] [ERROR] WebSocket connection to 'ws://localhost:3000/_next/webpack-hmr?id=FCL0Md2sOfAwnguEQNhhT' failed: Error in connection establishment: net::ERR_CONNECTION_REFUSED @ http://localhost:3000/_next/static/chunks/e1fc4_next_dist_client_3aad6c1b._.js:10116
[ 4825464ms] [ERROR] WebSocket connection to 'ws://localhost:3000/_next/webpack-hmr?id=FCL0Md2sOfAwnguEQNhhT' failed: Error in connection establishment: net::ERR_CONNECTION_REFUSED @ http://localhost:3000/_next/static/chunks/e1fc4_next_dist_client_3aad6c1b._.js:10116
