[      40ms] [ERROR] Refused to apply style from 'http://localhost:3001/_next/static/chunks/611baab6675632cf.css' because its MIME type ('text/plain') is not a supported stylesheet MIME type, and strict MIME checking is enabled. @ http://localhost:3001/:0
[      47ms] [ERROR] Failed to load resource: the server responded with a status of 500 (Internal Server Error) @ http://localhost:3001/_next/static/chunks/1cb979b98f8b00d9.js:0
[      48ms] [ERROR] Refused to execute script from 'http://localhost:3001/_next/static/chunks/1cb979b98f8b00d9.js' because its MIME type ('text/plain') is not executable, and strict MIME type checking is enabled. @ http://localhost:3001/:0
[      54ms] [ERROR] Failed to load resource: the server responded with a status of 500 (Internal Server Error) @ http://localhost:3001/_next/static/chunks/ae0f8e5cee502ab5.js:0
[      54ms] [ERROR] Refused to execute script from 'http://localhost:3001/_next/static/chunks/ae0f8e5cee502ab5.js' because its MIME type ('text/plain') is not executable, and strict MIME type checking is enabled. @ http://localhost:3001/:0
[      55ms] [ERROR] Failed to load resource: the server responded with a status of 500 (Internal Server Error) @ http://localhost:3001/_next/static/chunks/5d953727e3e849a7.js:0
[      55ms] [ERROR] Refused to execute script from 'http://localhost:3001/_next/static/chunks/5d953727e3e849a7.js' because its MIME type ('text/plain') is not executable, and strict MIME type checking is enabled. @ http://localhost:3001/:0
[      58ms] [ERROR] Failed to load resource: the server responded with a status of 500 (Internal Server Error) @ http://localhost:3001/_next/static/chunks/7b1179bc1c4953ce.js:0
[      59ms] [ERROR] Refused to execute script from 'http://localhost:3001/_next/static/chunks/7b1179bc1c4953ce.js' because its MIME type ('text/plain') is not executable, and strict MIME type checking is enabled. @ http://localhost:3001/:0
[      59ms] [ERROR] Failed to load resource: the server responded with a status of 500 (Internal Server Error) @ http://localhost:3001/_next/static/chunks/194f8f072c1c58c2.js:0
[      59ms] [ERROR] Refused to execute script from 'http://localhost:3001/_next/static/chunks/194f8f072c1c58c2.js' because its MIME type ('text/plain') is not executable, and strict MIME type checking is enabled. @ http://localhost:3001/:0
[      91ms] Error: Failed to load chunk /_next/static/chunks/ae0f8e5cee502ab5.js from module 482839
    at http://localhost:3001/_next/static/chunks/turbopack-85b7a30642b42645.js:1:5781
[      63ms] [ERROR] Failed to load resource: the server responded with a status of 500 (Internal Server Error) @ http://localhost:3001/_next/static/chunks/6e53f74337506ef8.js:0
[      63ms] [ERROR] Refused to execute script from 'http://localhost:3001/_next/static/chunks/6e53f74337506ef8.js' because its MIME type ('text/plain') is not executable, and strict MIME type checking is enabled. @ http://localhost:3001/:0
[      63ms] [ERROR] Failed to load resource: the server responded with a status of 500 (Internal Server Error) @ http://localhost:3001/_next/static/chunks/b6eeaa166934da12.js:0
[      63ms] [ERROR] Refused to execute script from 'http://localhost:3001/_next/static/chunks/b6eeaa166934da12.js' because its MIME type ('text/plain') is not executable, and strict MIME type checking is enabled. @ http://localhost:3001/:0
[      63ms] [ERROR] Failed to load resource: the server responded with a status of 500 (Internal Server Error) @ http://localhost:3001/_next/static/chunks/053d8959439d9b64.js:0
[      63ms] [ERROR] Refused to execute script from 'http://localhost:3001/_next/static/chunks/053d8959439d9b64.js' because its MIME type ('text/plain') is not executable, and strict MIME type checking is enabled. @ http://localhost:3001/:0
[      68ms] [ERROR] Failed to load resource: the server responded with a status of 500 (Internal Server Error) @ http://localhost:3001/_next/static/chunks/3e19c4dcc3fb250b.js:0
[      68ms] [ERROR] Refused to execute script from 'http://localhost:3001/_next/static/chunks/3e19c4dcc3fb250b.js' because its MIME type ('text/plain') is not executable, and strict MIME type checking is enabled. @ http://localhost:3001/:0
