[   30287ms] [ERROR] Failed to load resource: the server responded with a status of 403 (Forbidden) @ http://localhost:3000/api/ai/match-customer-opportunity:0
[   30289ms] [ERROR] Failed to load resource: the server responded with a status of 403 (Forbidden) @ http://localhost:3000/api/ai/match-customer-opportunity:0
[   75343ms] [ERROR] Failed to load resource: the server responded with a status of 403 (Forbidden) @ http://localhost:3000/api/analytics/cross-sell/by-customer-ids:0
[   75344ms] [WARNING] Failed to fetch customer opportunities: 403 @ http://localhost:3000/_next/static/chunks/e1fc4_next_dist_ca2f7e60._.js:2287
[   75344ms] [ERROR] Failed to load resource: the server responded with a status of 403 (Forbidden) @ http://localhost:3000/api/analytics/cross-sell/by-customer-ids:0
[   75344ms] [WARNING] Failed to fetch customer opportunities: 403 @ http://localhost:3000/_next/static/chunks/e1fc4_next_dist_ca2f7e60._.js:2287
[   75361ms] [ERROR] Failed to load resource: the server responded with a status of 403 (Forbidden) @ http://localhost:3000/api/analytics/cross-sell/by-customer-ids:0
[   75361ms] [WARNING] Failed to fetch customer opportunities: 403 @ http://localhost:3000/_next/static/chunks/e1fc4_next_dist_ca2f7e60._.js:2287
[   75363ms] [ERROR] Failed to load resource: the server responded with a status of 403 (Forbidden) @ http://localhost:3000/api/analytics/cross-sell/by-customer-ids:0
[   75363ms] [WARNING] Failed to fetch customer opportunities: 403 @ http://localhost:3000/_next/static/chunks/e1fc4_next_dist_ca2f7e60._.js:2287
[   75366ms] [ERROR] Failed to load resource: the server responded with a status of 403 (Forbidden) @ http://localhost:3000/api/analytics/cross-sell/by-customer-ids:0
[   75367ms] [WARNING] Failed to fetch customer opportunities: 403 @ http://localhost:3000/_next/static/chunks/e1fc4_next_dist_ca2f7e60._.js:2287
[   75369ms] [ERROR] Failed to load resource: the server responded with a status of 403 (Forbidden) @ http://localhost:3000/api/analytics/cross-sell/by-customer-ids:0
[   75369ms] [WARNING] Failed to fetch customer opportunities: 403 @ http://localhost:3000/_next/static/chunks/e1fc4_next_dist_ca2f7e60._.js:2287
[   75371ms] [ERROR] Failed to load resource: the server responded with a status of 403 (Forbidden) @ http://localhost:3000/api/analytics/cross-sell/by-customer-ids:0
[   75371ms] [WARNING] Failed to fetch customer opportunities: 403 @ http://localhost:3000/_next/static/chunks/e1fc4_next_dist_ca2f7e60._.js:2287
[   75372ms] [ERROR] Failed to load resource: the server responded with a status of 403 (Forbidden) @ http://localhost:3000/api/analytics/cross-sell/by-customer-ids:0
[   75372ms] [WARNING] Failed to fetch customer opportunities: 403 @ http://localhost:3000/_next/static/chunks/e1fc4_next_dist_ca2f7e60._.js:2287
[   75374ms] [ERROR] Failed to load resource: the server responded with a status of 403 (Forbidden) @ http://localhost:3000/api/analytics/cross-sell/by-customer-ids:0
[   75374ms] [WARNING] Failed to fetch customer opportunities: 403 @ http://localhost:3000/_next/static/chunks/e1fc4_next_dist_ca2f7e60._.js:2287
[   75376ms] [ERROR] Failed to load resource: the server responded with a status of 403 (Forbidden) @ http://localhost:3000/api/analytics/cross-sell/by-customer-ids:0
[   75376ms] [WARNING] Failed to fetch customer opportunities: 403 @ http://localhost:3000/_next/static/chunks/e1fc4_next_dist_ca2f7e60._.js:2287
[   75379ms] [ERROR] Failed to load resource: the server responded with a status of 403 (Forbidden) @ http://localhost:3000/api/analytics/cross-sell/by-customer-ids:0
[   75379ms] [WARNING] Failed to fetch customer opportunities: 403 @ http://localhost:3000/_next/static/chunks/e1fc4_next_dist_ca2f7e60._.js:2287
[   75384ms] [ERROR] Failed to load resource: the server responded with a status of 403 (Forbidden) @ http://localhost:3000/api/analytics/cross-sell/by-customer-ids:0
[   75384ms] [WARNING] Failed to fetch customer opportunities: 403 @ http://localhost:3000/_next/static/chunks/e1fc4_next_dist_ca2f7e60._.js:2287
[   75388ms] [ERROR] Failed to load resource: the server responded with a status of 403 (Forbidden) @ http://localhost:3000/api/analytics/cross-sell/by-customer-ids:0
[   75388ms] [WARNING] Failed to fetch customer opportunities: 403 @ http://localhost:3000/_next/static/chunks/e1fc4_next_dist_ca2f7e60._.js:2287
[   75394ms] [ERROR] Failed to load resource: the server responded with a status of 403 (Forbidden) @ http://localhost:3000/api/analytics/cross-sell/by-customer-ids:0
[   75814ms] [ERROR] Failed to load resource: the server responded with a status of 409 () @ https://bzjssogezdnybbenqygq.supabase.co/rest/v1/todos?id=eq.ed88f637-9e26-4008-95fb-ba1e503abcdb:0
[   75815ms] [ERROR] [ERROR] Error updating todo from detail modal Error: [object Object]
    at Logger.error (http://localhost:3000/_next/static/chunks/shared-todo-list_src_6f10fbb9._.js:4832:59)
    at TodoList.useCallback[handleDetailUpdate] (http://localhost:3000/_next/static/chunks/shared-todo-list_src_components_7782bbdd._.js:14712:173)
    at async onClick (http://localhost:3000/_next/static/chunks/shared-todo-list_src_components_task-detail_66aa3a8f._.js:3598:65) {component: TodoList} @ http://localhost:3000/_next/static/chunks/e1fc4_next_dist_ca2f7e60._.js:3117
